This is pdfTeX, Version 3.141592653-2.6-1.40.25 (TeX Live 2023/Debian) (preloaded format=pdflatex 2025.11.18)  8 FEB 2026 18:31
entering extended mode
 restricted \write18 enabled.
 file:line:error style messages enabled.
 %&-line parsing enabled.
**/home/fateme/Desktop/thesis/MastersThesis/main.tex
(/home/fateme/Desktop/thesis/MastersThesis/main.tex
LaTeX2e <2023-11-01> patch level 1
L3 programming layer <2024-01-22>
(/usr/share/texlive/texmf-dist/tex/latex/base/book.cls
Document Class: book 2023/05/17 v1.4n Standard LaTeX document class
(/usr/share/texlive/texmf-dist/tex/latex/base/bk10.clo
File: bk10.clo 2023/05/17 v1.4n Standard LaTeX file (size option)
)
\c@part=\count187
\c@chapter=\count188
\c@section=\count189
\c@subsection=\count190
\c@subsubsection=\count191
\c@paragraph=\count192
\c@subparagraph=\count193
\c@figure=\count194
\c@table=\count195
\abovecaptionskip=\skip48
\belowcaptionskip=\skip49
\bibindent=\dimen140
) (/usr/share/texlive/texmf-dist/tex/latex/graphics/graphicx.sty
Package: graphicx 2021/09/16 v1.2d Enhanced LaTeX Graphics (DPC,SPQR)
 (/usr/share/texlive/texmf-dist/tex/latex/graphics/keyval.sty
Package: keyval 2022/05/29 v1.15 key=value parser (DPC)
\KV@toks@=\toks17
) (/usr/share/texlive/texmf-dist/tex/latex/graphics/graphics.sty
Package: graphics 2022/03/10 v1.4e Standard LaTeX Graphics (DPC,SPQR)
 (/usr/share/texlive/texmf-dist/tex/latex/graphics/trig.sty
Package: trig 2021/08/11 v1.11 sin cos tan (DPC)
) (/usr/share/texlive/texmf-dist/tex/latex/graphics-cfg/graphics.cfg
File: graphics.cfg 2016/06/04 v1.11 sample graphics configuration
)
Package graphics Info: Driver file: pdftex.def on input line 107.
 (/usr/share/texlive/texmf-dist/tex/latex/graphics-def/pdftex.def
File: pdftex.def 2022/09/22 v1.2b Graphics/color driver for pdftex
))
\Gin@req@height=\dimen141
\Gin@req@width=\dimen142
) (/usr/share/texlive/texmf-dist/tex/latex/base/inputenc.sty
Package: inputenc 2021/02/14 v1.3d Input encoding file
\inpenc@prehook=\toks18
\inpenc@posthook=\toks19
) (/usr/share/texlive/texmf-dist/tex/latex/geometry/geometry.sty
Package: geometry 2020/01/02 v5.9 Page Geometry
 (/usr/share/texlive/texmf-dist/tex/generic/iftex/ifvtex.sty
Package: ifvtex 2019/10/25 v1.7 ifvtex legacy package. Use iftex instead.
 (/usr/share/texlive/texmf-dist/tex/generic/iftex/iftex.sty
Package: iftex 2022/02/03 v1.0f TeX engine tests
))
\Gm@cnth=\count196
\Gm@cntv=\count197
\c@Gm@tempcnt=\count198
\Gm@bindingoffset=\dimen143
\Gm@wd@mp=\dimen144
\Gm@odd@mp=\dimen145
\Gm@even@mp=\dimen146
\Gm@layoutwidth=\dimen147
\Gm@layoutheight=\dimen148
\Gm@layouthoffset=\dimen149
\Gm@layoutvoffset=\dimen150
\Gm@dimlist=\toks20
) (/usr/share/texlive/texmf-dist/tex/latex/fancyhdr/fancyhdr.sty
Package: fancyhdr 2022/11/09 v4.1 Extensive control of page headers and footers
\f@nch@headwidth=\skip50
\f@nch@O@elh=\skip51
\f@nch@O@erh=\skip52
\f@nch@O@olh=\skip53
\f@nch@O@orh=\skip54
\f@nch@O@elf=\skip55
\f@nch@O@erf=\skip56
\f@nch@O@olf=\skip57
\f@nch@O@orf=\skip58
)

Package fancyhdr Warning: \fancyhead's `E' option without twoside option is useless.
(fancyhdr)                Please consider using the `twoside' option on input line 18.

(/usr/share/texlive/texmf-dist/tex/latex/listings/listings.sty
\lst@mode=\count199
\lst@gtempboxa=\box51
\lst@token=\toks21
\lst@length=\count266
\lst@currlwidth=\dimen151
\lst@column=\count267
\lst@pos=\count268
\lst@lostspace=\dimen152
\lst@width=\dimen153
\lst@newlines=\count269
\lst@lineno=\count270
\lst@maxwidth=\dimen154
 (/usr/share/texlive/texmf-dist/tex/latex/listings/lstmisc.sty
File: lstmisc.sty 2023/02/27 1.9 (Carsten Heinz)
\c@lstnumber=\count271
\lst@skipnumbers=\count272
\lst@framebox=\box52
) (/usr/share/texlive/texmf-dist/tex/latex/listings/listings.cfg
File: listings.cfg 2023/02/27 1.9 listings configuration
))
Package: listings 2023/02/27 1.9 (Carsten Heinz)
 (/usr/share/texlive/texmf-dist/tex/latex/todonotes/todonotes.sty
Package: todonotes 2024/01/05 v1.1.7 Todonotes source and documentation.
Package: todonotes 2024/01/05
 (/usr/share/texlive/texmf-dist/tex/latex/base/ifthen.sty
Package: ifthen 2022/04/13 v1.1d Standard LaTeX ifthen package (DPC)
) (/usr/share/texlive/texmf-dist/tex/latex/xkeyval/xkeyval.sty
Package: xkeyval 2022/06/16 v2.9 package option processing (HA)
 (/usr/share/texlive/texmf-dist/tex/generic/xkeyval/xkeyval.tex (/usr/share/texlive/texmf-dist/tex/generic/xkeyval/xkvutils.tex
\XKV@toks=\toks22
\XKV@tempa@toks=\toks23
)
\XKV@depth=\count273
File: xkeyval.tex 2014/12/03 v2.7a key=value parser (HA)
)) (/usr/share/texlive/texmf-dist/tex/latex/xcolor/xcolor.sty
Package: xcolor 2023/11/15 v3.01 LaTeX color extensions (UK)
 (/usr/share/texlive/texmf-dist/tex/latex/graphics-cfg/color.cfg
File: color.cfg 2016/01/02 v1.6 sample color configuration
)
Package xcolor Info: Driver file: pdftex.def on input line 274.
 (/usr/share/texlive/texmf-dist/tex/latex/graphics/mathcolor.ltx)
Package xcolor Info: Model `cmy' substituted by `cmy0' on input line 1350.
Package xcolor Info: Model `hsb' substituted by `rgb' on input line 1354.
Package xcolor Info: Model `RGB' extended on input line 1366.
Package xcolor Info: Model `HTML' substituted by `rgb' on input line 1368.
Package xcolor Info: Model `Hsb' substituted by `hsb' on input line 1369.
Package xcolor Info: Model `tHsb' substituted by `hsb' on input line 1370.
Package xcolor Info: Model `HSB' substituted by `hsb' on input line 1371.
Package xcolor Info: Model `Gray' substituted by `gray' on input line 1372.
Package xcolor Info: Model `wave' substituted by `hsb' on input line 1373.
) (/usr/share/texlive/texmf-dist/tex/latex/pgf/frontendlayer/tikz.sty (/usr/share/texlive/texmf-dist/tex/latex/pgf/basiclayer/pgf.sty (/usr/share/texlive/texmf-dist/tex/latex/pgf/utilities/pgfrcs.sty (/usr/share/texlive/texmf-dist/tex/generic/pgf/utilities/pgfutil-common.tex
\pgfutil@everybye=\toks24
\pgfutil@tempdima=\dimen155
\pgfutil@tempdimb=\dimen156
) (/usr/share/texlive/texmf-dist/tex/generic/pgf/utilities/pgfutil-latex.def
\pgfutil@abb=\box53
) (/usr/share/texlive/texmf-dist/tex/generic/pgf/utilities/pgfrcs.code.tex (/usr/share/texlive/texmf-dist/tex/generic/pgf/pgf.revision.tex)
Package: pgfrcs 2023-01-15 v3.1.10 (3.1.10)
))
Package: pgf 2023-01-15 v3.1.10 (3.1.10)
 (/usr/share/texlive/texmf-dist/tex/latex/pgf/basiclayer/pgfcore.sty (/usr/share/texlive/texmf-dist/tex/latex/pgf/systemlayer/pgfsys.sty (/usr/share/texlive/texmf-dist/tex/generic/pgf/systemlayer/pgfsys.code.tex
Package: pgfsys 2023-01-15 v3.1.10 (3.1.10)
 (/usr/share/texlive/texmf-dist/tex/generic/pgf/utilities/pgfkeys.code.tex
\pgfkeys@pathtoks=\toks25
\pgfkeys@temptoks=\toks26
 (/usr/share/texlive/texmf-dist/tex/generic/pgf/utilities/pgfkeyslibraryfiltered.code.tex
\pgfkeys@tmptoks=\toks27
))
\pgf@x=\dimen157
\pgf@y=\dimen158
\pgf@xa=\dimen159
\pgf@ya=\dimen160
\pgf@xb=\dimen161
\pgf@yb=\dimen162
\pgf@xc=\dimen163
\pgf@yc=\dimen164
\pgf@xd=\dimen165
\pgf@yd=\dimen166
\w@pgf@writea=\write3
\r@pgf@reada=\read2
\c@pgf@counta=\count274
\c@pgf@countb=\count275
\c@pgf@countc=\count276
\c@pgf@countd=\count277
\t@pgf@toka=\toks28
\t@pgf@tokb=\toks29
\t@pgf@tokc=\toks30
\pgf@sys@id@count=\count278
 (/usr/share/texlive/texmf-dist/tex/generic/pgf/systemlayer/pgf.cfg
File: pgf.cfg 2023-01-15 v3.1.10 (3.1.10)
)
Driver file for pgf: pgfsys-pdftex.def
 (/usr/share/texlive/texmf-dist/tex/generic/pgf/systemlayer/pgfsys-pdftex.def
File: pgfsys-pdftex.def 2023-01-15 v3.1.10 (3.1.10)
 (/usr/share/texlive/texmf-dist/tex/generic/pgf/systemlayer/pgfsys-common-pdf.def
File: pgfsys-common-pdf.def 2023-01-15 v3.1.10 (3.1.10)
))) (/usr/share/texlive/texmf-dist/tex/generic/pgf/systemlayer/pgfsyssoftpath.code.tex
File: pgfsyssoftpath.code.tex 2023-01-15 v3.1.10 (3.1.10)
\pgfsyssoftpath@smallbuffer@items=\count279
\pgfsyssoftpath@bigbuffer@items=\count280
) (/usr/share/texlive/texmf-dist/tex/generic/pgf/systemlayer/pgfsysprotocol.code.tex
File: pgfsysprotocol.code.tex 2023-01-15 v3.1.10 (3.1.10)
)) (/usr/share/texlive/texmf-dist/tex/generic/pgf/basiclayer/pgfcore.code.tex
Package: pgfcore 2023-01-15 v3.1.10 (3.1.10)
 (/usr/share/texlive/texmf-dist/tex/generic/pgf/math/pgfmath.code.tex (/usr/share/texlive/texmf-dist/tex/generic/pgf/math/pgfmathutil.code.tex) (/usr/share/texlive/texmf-dist/tex/generic/pgf/math/pgfmathparser.code.tex
\pgfmath@dimen=\dimen167
\pgfmath@count=\count281
\pgfmath@box=\box54
\pgfmath@toks=\toks31
\pgfmath@stack@operand=\toks32
\pgfmath@stack@operation=\toks33
) (/usr/share/texlive/texmf-dist/tex/generic/pgf/math/pgfmathfunctions.code.tex) (/usr/share/texlive/texmf-dist/tex/generic/pgf/math/pgfmathfunctions.basic.code.tex) (/usr/share/texlive/texmf-dist/tex/generic/pgf/math/pgfmathfunctions.trigonometric.code.tex) (/usr/share/texlive/texmf-dist/tex/generic/pgf/math/pgfmathfunctions.random.code.tex) (/usr/share/texlive/texmf-dist/tex/generic/pgf/math/pgfmathfunctions.comparison.code.tex) (/usr/share/texlive/texmf-dist/tex/generic/pgf/math/pgfmathfunctions.base.code.tex) (/usr/share/texlive/texmf-dist/tex/generic/pgf/math/pgfmathfunctions.round.code.tex) (/usr/share/texlive/texmf-dist/tex/generic/pgf/math/pgfmathfunctions.misc.code.tex) (/usr/share/texlive/texmf-dist/tex/generic/pgf/math/pgfmathfunctions.integerarithmetics.code.tex) (/usr/share/texlive/texmf-dist/tex/generic/pgf/math/pgfmathcalc.code.tex) (/usr/share/texlive/texmf-dist/tex/generic/pgf/math/pgfmathfloat.code.tex
\c@pgfmathroundto@lastzeros=\count282
)) (/usr/share/texlive/texmf-dist/tex/generic/pgf/math/pgfint.code.tex) (/usr/share/texlive/texmf-dist/tex/generic/pgf/basiclayer/pgfcorepoints.code.tex
File: pgfcorepoints.code.tex 2023-01-15 v3.1.10 (3.1.10)
\pgf@picminx=\dimen168
\pgf@picmaxx=\dimen169
\pgf@picminy=\dimen170
\pgf@picmaxy=\dimen171
\pgf@pathminx=\dimen172
\pgf@pathmaxx=\dimen173
\pgf@pathminy=\dimen174
\pgf@pathmaxy=\dimen175
\pgf@xx=\dimen176
\pgf@xy=\dimen177
\pgf@yx=\dimen178
\pgf@yy=\dimen179
\pgf@zx=\dimen180
\pgf@zy=\dimen181
) (/usr/share/texlive/texmf-dist/tex/generic/pgf/basiclayer/pgfcorepathconstruct.code.tex
File: pgfcorepathconstruct.code.tex 2023-01-15 v3.1.10 (3.1.10)
\pgf@path@lastx=\dimen182
\pgf@path@lasty=\dimen183
) (/usr/share/texlive/texmf-dist/tex/generic/pgf/basiclayer/pgfcorepathusage.code.tex
File: pgfcorepathusage.code.tex 2023-01-15 v3.1.10 (3.1.10)
\pgf@shorten@end@additional=\dimen184
\pgf@shorten@start@additional=\dimen185
) (/usr/share/texlive/texmf-dist/tex/generic/pgf/basiclayer/pgfcorescopes.code.tex
File: pgfcorescopes.code.tex 2023-01-15 v3.1.10 (3.1.10)
\pgfpic=\box55
\pgf@hbox=\box56
\pgf@layerbox@main=\box57
\pgf@picture@serial@count=\count283
) (/usr/share/texlive/texmf-dist/tex/generic/pgf/basiclayer/pgfcoregraphicstate.code.tex
File: pgfcoregraphicstate.code.tex 2023-01-15 v3.1.10 (3.1.10)
\pgflinewidth=\dimen186
) (/usr/share/texlive/texmf-dist/tex/generic/pgf/basiclayer/pgfcoretransformations.code.tex
File: pgfcoretransformations.code.tex 2023-01-15 v3.1.10 (3.1.10)
\pgf@pt@x=\dimen187
\pgf@pt@y=\dimen188
\pgf@pt@temp=\dimen189
) (/usr/share/texlive/texmf-dist/tex/generic/pgf/basiclayer/pgfcorequick.code.tex
File: pgfcorequick.code.tex 2023-01-15 v3.1.10 (3.1.10)
) (/usr/share/texlive/texmf-dist/tex/generic/pgf/basiclayer/pgfcoreobjects.code.tex
File: pgfcoreobjects.code.tex 2023-01-15 v3.1.10 (3.1.10)
) (/usr/share/texlive/texmf-dist/tex/generic/pgf/basiclayer/pgfcorepathprocessing.code.tex
File: pgfcorepathprocessing.code.tex 2023-01-15 v3.1.10 (3.1.10)
) (/usr/share/texlive/texmf-dist/tex/generic/pgf/basiclayer/pgfcorearrows.code.tex
File: pgfcorearrows.code.tex 2023-01-15 v3.1.10 (3.1.10)
\pgfarrowsep=\dimen190
) (/usr/share/texlive/texmf-dist/tex/generic/pgf/basiclayer/pgfcoreshade.code.tex
File: pgfcoreshade.code.tex 2023-01-15 v3.1.10 (3.1.10)
\pgf@max=\dimen191
\pgf@sys@shading@range@num=\count284
\pgf@shadingcount=\count285
) (/usr/share/texlive/texmf-dist/tex/generic/pgf/basiclayer/pgfcoreimage.code.tex
File: pgfcoreimage.code.tex 2023-01-15 v3.1.10 (3.1.10)
) (/usr/share/texlive/texmf-dist/tex/generic/pgf/basiclayer/pgfcoreexternal.code.tex
File: pgfcoreexternal.code.tex 2023-01-15 v3.1.10 (3.1.10)
\pgfexternal@startupbox=\box58
) (/usr/share/texlive/texmf-dist/tex/generic/pgf/basiclayer/pgfcorelayers.code.tex
File: pgfcorelayers.code.tex 2023-01-15 v3.1.10 (3.1.10)
) (/usr/share/texlive/texmf-dist/tex/generic/pgf/basiclayer/pgfcoretransparency.code.tex
File: pgfcoretransparency.code.tex 2023-01-15 v3.1.10 (3.1.10)
) (/usr/share/texlive/texmf-dist/tex/generic/pgf/basiclayer/pgfcorepatterns.code.tex
File: pgfcorepatterns.code.tex 2023-01-15 v3.1.10 (3.1.10)
) (/usr/share/texlive/texmf-dist/tex/generic/pgf/basiclayer/pgfcorerdf.code.tex
File: pgfcorerdf.code.tex 2023-01-15 v3.1.10 (3.1.10)
))) (/usr/share/texlive/texmf-dist/tex/generic/pgf/modules/pgfmoduleshapes.code.tex
File: pgfmoduleshapes.code.tex 2023-01-15 v3.1.10 (3.1.10)
\pgfnodeparttextbox=\box59
) (/usr/share/texlive/texmf-dist/tex/generic/pgf/modules/pgfmoduleplot.code.tex
File: pgfmoduleplot.code.tex 2023-01-15 v3.1.10 (3.1.10)
) (/usr/share/texlive/texmf-dist/tex/latex/pgf/compatibility/pgfcomp-version-0-65.sty
Package: pgfcomp-version-0-65 2023-01-15 v3.1.10 (3.1.10)
\pgf@nodesepstart=\dimen192
\pgf@nodesepend=\dimen193
) (/usr/share/texlive/texmf-dist/tex/latex/pgf/compatibility/pgfcomp-version-1-18.sty
Package: pgfcomp-version-1-18 2023-01-15 v3.1.10 (3.1.10)
)) (/usr/share/texlive/texmf-dist/tex/latex/pgf/utilities/pgffor.sty (/usr/share/texlive/texmf-dist/tex/latex/pgf/utilities/pgfkeys.sty (/usr/share/texlive/texmf-dist/tex/generic/pgf/utilities/pgfkeys.code.tex)) (/usr/share/texlive/texmf-dist/tex/latex/pgf/math/pgfmath.sty (/usr/share/texlive/texmf-dist/tex/generic/pgf/math/pgfmath.code.tex)) (/usr/share/texlive/texmf-dist/tex/generic/pgf/utilities/pgffor.code.tex
Package: pgffor 2023-01-15 v3.1.10 (3.1.10)
\pgffor@iter=\dimen194
\pgffor@skip=\dimen195
\pgffor@stack=\toks34
\pgffor@toks=\toks35
)) (/usr/share/texlive/texmf-dist/tex/generic/pgf/frontendlayer/tikz/tikz.code.tex
Package: tikz 2023-01-15 v3.1.10 (3.1.10)
 (/usr/share/texlive/texmf-dist/tex/generic/pgf/libraries/pgflibraryplothandlers.code.tex
File: pgflibraryplothandlers.code.tex 2023-01-15 v3.1.10 (3.1.10)
\pgf@plot@mark@count=\count286
\pgfplotmarksize=\dimen196
)
\tikz@lastx=\dimen197
\tikz@lasty=\dimen198
\tikz@lastxsaved=\dimen199
\tikz@lastysaved=\dimen256
\tikz@lastmovetox=\dimen257
\tikz@lastmovetoy=\dimen258
\tikzleveldistance=\dimen259
\tikzsiblingdistance=\dimen260
\tikz@figbox=\box60
\tikz@figbox@bg=\box61
\tikz@tempbox=\box62
\tikz@tempbox@bg=\box63
\tikztreelevel=\count287
\tikznumberofchildren=\count288
\tikznumberofcurrentchild=\count289
\tikz@fig@count=\count290
 (/usr/share/texlive/texmf-dist/tex/generic/pgf/modules/pgfmodulematrix.code.tex
File: pgfmodulematrix.code.tex 2023-01-15 v3.1.10 (3.1.10)
\pgfmatrixcurrentrow=\count291
\pgfmatrixcurrentcolumn=\count292
\pgf@matrix@numberofcolumns=\count293
)
\tikz@expandcount=\count294
 (/usr/share/texlive/texmf-dist/tex/generic/pgf/frontendlayer/tikz/libraries/tikzlibrarytopaths.code.tex
File: tikzlibrarytopaths.code.tex 2023-01-15 v3.1.10 (3.1.10)
))) (/usr/share/texlive/texmf-dist/tex/generic/pgf/frontendlayer/tikz/libraries/tikzlibrarypositioning.code.tex
File: tikzlibrarypositioning.code.tex 2023-01-15 v3.1.10 (3.1.10)
) (/usr/share/texlive/texmf-dist/tex/latex/tools/calc.sty
Package: calc 2023/07/08 v4.3 Infix arithmetic (KKT,FJ)
\calc@Acount=\count295
\calc@Bcount=\count296
\calc@Adimen=\dimen261
\calc@Bdimen=\dimen262
\calc@Askip=\skip59
\calc@Bskip=\skip60
LaTeX Info: Redefining \setlength on input line 80.
LaTeX Info: Redefining \addtolength on input line 81.
\calc@Ccount=\count297
\calc@Cskip=\skip61
)
\c@@todonotes@numberoftodonotes=\count298
) (/usr/share/texlive/texmf-dist/tex/latex/amsmath/amsmath.sty
Package: amsmath 2023/05/13 v2.17o AMS math features
\@mathmargin=\skip62

For additional information on amsmath, use the `?' option.
(/usr/share/texlive/texmf-dist/tex/latex/amsmath/amstext.sty
Package: amstext 2021/08/26 v2.01 AMS text
 (/usr/share/texlive/texmf-dist/tex/latex/amsmath/amsgen.sty
File: amsgen.sty 1999/11/30 v2.0 generic functions
\@emptytoks=\toks36
\ex@=\dimen263
)) (/usr/share/texlive/texmf-dist/tex/latex/amsmath/amsbsy.sty
Package: amsbsy 1999/11/29 v1.2d Bold Symbols
\pmbraise@=\dimen264
) (/usr/share/texlive/texmf-dist/tex/latex/amsmath/amsopn.sty
Package: amsopn 2022/04/08 v2.04 operator names
)
\inf@bad=\count299
LaTeX Info: Redefining \frac on input line 234.
\uproot@=\count300
\leftroot@=\count301
LaTeX Info: Redefining \overline on input line 399.
LaTeX Info: Redefining \colon on input line 410.
\classnum@=\count302
\DOTSCASE@=\count303
LaTeX Info: Redefining \ldots on input line 496.
LaTeX Info: Redefining \dots on input line 499.
LaTeX Info: Redefining \cdots on input line 620.
\Mathstrutbox@=\box64
\strutbox@=\box65
LaTeX Info: Redefining \big on input line 722.
LaTeX Info: Redefining \Big on input line 723.
LaTeX Info: Redefining \bigg on input line 724.
LaTeX Info: Redefining \Bigg on input line 725.
\big@size=\dimen265
LaTeX Font Info:    Redeclaring font encoding OML on input line 743.
LaTeX Font Info:    Redeclaring font encoding OMS on input line 744.
\macc@depth=\count304
LaTeX Info: Redefining \bmod on input line 905.
LaTeX Info: Redefining \pmod on input line 910.
LaTeX Info: Redefining \smash on input line 940.
LaTeX Info: Redefining \relbar on input line 970.
LaTeX Info: Redefining \Relbar on input line 971.
\c@MaxMatrixCols=\count305
\dotsspace@=\muskip16
\c@parentequation=\count306
\dspbrk@lvl=\count307
\tag@help=\toks37
\row@=\count308
\column@=\count309
\maxfields@=\count310
\andhelp@=\toks38
\eqnshift@=\dimen266
\alignsep@=\dimen267
\tagshift@=\dimen268
\tagwidth@=\dimen269
\totwidth@=\dimen270
\lineht@=\dimen271
\@envbody=\toks39
\multlinegap=\skip63
\multlinetaggap=\skip64
\mathdisplay@stack=\toks40
LaTeX Info: Redefining \[ on input line 2953.
LaTeX Info: Redefining \] on input line 2954.
) (/usr/share/texlive/texmf-dist/tex/latex/amsfonts/amssymb.sty
Package: amssymb 2013/01/14 v3.01 AMS font symbols
 (/usr/share/texlive/texmf-dist/tex/latex/amsfonts/amsfonts.sty
Package: amsfonts 2013/01/14 v3.01 Basic AMSFonts support
\symAMSa=\mathgroup4
\symAMSb=\mathgroup5
LaTeX Font Info:    Redeclaring math symbol \hbar on input line 98.
LaTeX Font Info:    Overwriting math alphabet `\mathfrak' in version `bold'
(Font)                  U/euf/m/n --> U/euf/b/n on input line 106.
)) (/usr/share/texlive/texmf-dist/tex/latex/amscls/amsthm.sty
Package: amsthm 2020/05/29 v2.20.6
\thm@style=\toks41
\thm@bodyfont=\toks42
\thm@headfont=\toks43
\thm@notefont=\toks44
\thm@headpunct=\toks45
\thm@preskip=\skip65
\thm@postskip=\skip66
\thm@headsep=\skip67
\dth@everypar=\toks46
) (/usr/share/texlive/texmf-dist/tex/latex/minted/minted.sty
Package: minted 2023/12/18 v2.9 Yet another Pygments shim for LaTeX
 (/usr/share/texlive/texmf-dist/tex/latex/kvoptions/kvoptions.sty
Package: kvoptions 2022-06-15 v3.15 Key value format for package options (HO)
 (/usr/share/texlive/texmf-dist/tex/generic/ltxcmds/ltxcmds.sty
Package: ltxcmds 2023-12-04 v1.26 LaTeX kernel commands for general use (HO)
) (/usr/share/texlive/texmf-dist/tex/latex/kvsetkeys/kvsetkeys.sty
Package: kvsetkeys 2022-10-05 v1.19 Key value parser (HO)
)) (/usr/share/texlive/texmf-dist/tex/latex/fvextra/fvextra.sty
Package: fvextra 2023/11/28 v1.6.1 fvextra - extensions and patches for fancyvrb
 (/usr/share/texlive/texmf-dist/tex/latex/etoolbox/etoolbox.sty
Package: etoolbox 2020/10/05 v2.5k e-TeX tools for LaTeX (JAW)
\etb@tempcnta=\count311
) (/usr/share/texlive/texmf-dist/tex/latex/fancyvrb/fancyvrb.sty
Package: fancyvrb 2024/01/20 4.5c verbatim text (tvz,hv)
\FV@CodeLineNo=\count312
\FV@InFile=\read3
\FV@TabBox=\box66
\c@FancyVerbLine=\count313
\FV@StepNumber=\count314
\FV@OutFile=\write4
) (/usr/share/texlive/texmf-dist/tex/latex/upquote/upquote.sty
Package: upquote 2012/04/19 v1.3 upright-quote and grave-accent glyphs in verbatim
) (/usr/share/texlive/texmf-dist/tex/latex/lineno/lineno.sty
Package: lineno 2023/05/20 line numbers on paragraphs v5.3
\linenopenalty=\count315
\output=\toks47
\linenoprevgraf=\count316
\linenumbersep=\dimen272
\linenumberwidth=\dimen273
\c@linenumber=\count317
\c@pagewiselinenumber=\count318
\c@LN@truepage=\count319
\c@internallinenumber=\count320
\c@internallinenumbers=\count321
\quotelinenumbersep=\dimen274
\bframerule=\dimen275
\bframesep=\dimen276
\bframebox=\box67
\linenoamsmath@ams@eqpen=\count322
LaTeX Info: Redefining \\ on input line 3180.
)
\c@FancyVerbWriteLine=\count323
\c@FancyVerbBufferIndex=\count324
\c@FancyVerbBufferLength=\count325
\c@FancyVerbBufferLine=\count326
\c@FV@oldbufferlength=\count327
\c@FV@TrueTabGroupLevel=\count328
\c@FV@TrueTabCounter=\count329
\FV@TabBox@Group=\box68
\FV@TmpLength=\skip68
\c@FV@HighlightLinesStart=\count330
\c@FV@HighlightLinesStop=\count331
\FV@LoopCount=\count332
\FV@NCharsBox=\box69
\FV@BreakIndent=\dimen277
\FV@BreakIndentNChars=\count333
\FV@BreakSymbolSepLeft=\dimen278
\FV@BreakSymbolSepLeftNChars=\count334
\FV@BreakSymbolSepRight=\dimen279
\FV@BreakSymbolSepRightNChars=\count335
\FV@BreakSymbolIndentLeft=\dimen280
\FV@BreakSymbolIndentLeftNChars=\count336
\FV@BreakSymbolIndentRight=\dimen281
\FV@BreakSymbolIndentRightNChars=\count337
\c@FancyVerbLineBreakLast=\count338
\FV@LineBox=\box70
\FV@LineIndentBox=\box71
\c@FV@BreakBufferDepth=\count339
\FV@LineWidth=\dimen282
) (/usr/share/texlive/texmf-dist/tex/latex/tools/shellesc.sty
Package: shellesc 2023/07/08 v1.0d unified shell escape interface for LaTeX
Package shellesc Info: Restricted shell escape enabled on input line 77.
) (/usr/share/texlive/texmf-dist/tex/latex/ifplatform/ifplatform.sty
Package: ifplatform 2017/10/13 v0.4a Testing for the operating system
 (/usr/share/texlive/texmf-dist/tex/generic/pdftexcmds/pdftexcmds.sty
Package: pdftexcmds 2020-06-27 v0.33 Utility functions of pdfTeX for LuaTeX (HO)
 (/usr/share/texlive/texmf-dist/tex/generic/infwarerr/infwarerr.sty
Package: infwarerr 2019/12/03 v1.5 Providing info/warning/error messages (HO)
)
Package pdftexcmds Info: \pdf@primitive is available.
Package pdftexcmds Info: \pdf@ifprimitive is available.
Package pdftexcmds Info: \pdfdraftmode found.
) (/usr/share/texlive/texmf-dist/tex/generic/catchfile/catchfile.sty
Package: catchfile 2019/12/09 v1.8 Catch the contents of a file (HO)
 (/usr/share/texlive/texmf-dist/tex/generic/etexcmds/etexcmds.sty
Package: etexcmds 2019/12/15 v1.7 Avoid name clashes with e-TeX commands (HO)
)) (/usr/share/texlive/texmf-dist/tex/generic/iftex/ifluatex.sty
Package: ifluatex 2019/10/25 v1.5 ifluatex legacy package. Use iftex instead.
)

Package ifplatform Warning: 
    shell escape is disabled, so I can only detect \ifwindows.

) (/usr/share/texlive/texmf-dist/tex/generic/xstring/xstring.sty (/usr/share/texlive/texmf-dist/tex/generic/xstring/xstring.tex
\xs_counta=\count340
\xs_countb=\count341
)
Package: xstring 2023/08/22 v1.86 String manipulations (CT)
) (/usr/share/texlive/texmf-dist/tex/latex/framed/framed.sty
Package: framed 2011/10/22 v 0.96: framed or shaded text with page breaks
\OuterFrameSep=\skip69
\fb@frw=\dimen283
\fb@frh=\dimen284
\FrameRule=\dimen285
\FrameSep=\dimen286
) (/usr/share/texlive/texmf-dist/tex/latex/float/float.sty
Package: float 2001/11/08 v1.3d Float enhancements (AL)
\c@float@type=\count342
\float@exts=\toks48
\float@box=\box72
\@float@everytoks=\toks49
\@floatcapt=\box73
)
\minted@appexistsfile=\read4
\minted@bgbox=\box74
\minted@code=\write5
\c@minted@FancyVerbLineTemp=\count343
\c@minted@pygmentizecounter=\count344
\@float@every@listing=\toks50
\c@listing=\count345
)
runsystem(mkdir -p _minted-main)...disabled (restricted).



/home/fateme/Desktop/thesis/MastersThesis/main.tex:25: Package minted Error: You must invoke LaTeX with the -shell-escape flag.

See the minted package documentation for explanation.
Type  H <return>  for immediate help.
 ...                                              
                                                  
l.25  \usepackage
                 {tcolorbox}
Pass the -shell-escape flag to LaTeX. Refer to the minted.sty documentation for more information.

(/usr/share/texlive/texmf-dist/tex/latex/tcolorbox/tcolorbox.sty
Package: tcolorbox 2024/01/10 version 6.2.0 text color boxes
 (/usr/share/texlive/texmf-dist/tex/latex/tools/verbatim.sty
Package: verbatim 2023-11-06 v1.5v LaTeX2e package for verbatim enhancements
\every@verbatim=\toks51
\verbatim@line=\toks52
\verbatim@in@stream=\read5
) (/usr/share/texlive/texmf-dist/tex/latex/environ/environ.sty
Package: environ 2014/05/04 v0.3 A new way to define environments
 (/usr/share/texlive/texmf-dist/tex/latex/trimspaces/trimspaces.sty
Package: trimspaces 2009/09/17 v1.1 Trim spaces around a token list
))
\tcb@titlebox=\box75
\tcb@upperbox=\box76
\tcb@lowerbox=\box77
\tcb@phantombox=\box78
\c@tcbbreakpart=\count346
\c@tcblayer=\count347
\c@tcolorbox@number=\count348
\l__tcobox_tmpa_box=\box79
\l__tcobox_tmpa_dim=\dimen287
\tcb@temp=\box80
\tcb@temp=\box81
\tcb@temp=\box82
\tcb@temp=\box83
) (/usr/share/texlive/texmf-dist/tex/latex/titlesec/titlesec.sty
Package: titlesec 2023/10/27 v2.16 Sectioning titles
\ttl@box=\box84
\beforetitleunit=\skip70
\aftertitleunit=\skip71
\ttl@plus=\dimen288
\ttl@minus=\dimen289
\ttl@toksa=\toks53
\titlewidth=\dimen290
\titlewidthlast=\dimen291
\titlewidthfirst=\dimen292
) (/usr/share/texlive/texmf-dist/tex/latex/mathtools/mathtools.sty
Package: mathtools 2022/06/29 v1.29 mathematical typesetting tools
 (/usr/share/texlive/texmf-dist/tex/latex/mathtools/mhsetup.sty
Package: mhsetup 2021/03/18 v1.4 programming setup (MH)
)
\g_MT_multlinerow_int=\count349
\l_MT_multwidth_dim=\dimen293
\origjot=\skip72
\l_MT_shortvdotswithinadjustabove_dim=\dimen294
\l_MT_shortvdotswithinadjustbelow_dim=\dimen295
\l_MT_above_intertext_sep=\dimen296
\l_MT_below_intertext_sep=\dimen297
\l_MT_above_shortintertext_sep=\dimen298
\l_MT_below_shortintertext_sep=\dimen299
\xmathstrut@box=\box85
\xmathstrut@dim=\dimen300
) (/usr/share/texlive/texmf-dist/tex/latex/tools/enumerate.sty
Package: enumerate 2023/07/04 v3.00 enumerate extensions (DPC)
\@enLab=\toks54
) (/usr/share/texmf/tex/latex/tipa/tipa.sty
Package: tipa 2002/08/08 TIPA version 1.1
 (/usr/share/texlive/texmf-dist/tex/latex/base/fontenc.sty
Package: fontenc 2021/04/29 v2.0v Standard LaTeX package
 (/usr/share/texmf/tex/latex/tipa/t3enc.def
File: t3enc.def 2001/12/31 T3 encoding
Now handling font encoding T3 ...
... no UTF-8 mapping file for font encoding T3
))) (/usr/share/texlive/texmf-dist/tex/latex/apxproof/apxproof.sty
Package: apxproof 2022/10/14 v1.2.4 Automatic proofs in appendix
 apxproof: Appendix material appended to the document (/usr/share/texlive/texmf-dist/tex/latex/bibunits/bibunits.sty
Package: bibunits 2004/05/12 v2.4 Multiple bibliographies in one document.
\@bibunitaux=\write6
\@bibunitauxcnt=\count350
) apxproof: Separate bibliography for appendix material apxproof: Repeated equations keep the same numbering
\c@axp@rpcounter=\count351
\c@axp@equation=\count352
\c@axp@equationx=\count353
\c@axp@seccounter=\count354
) (/usr/share/texlive/texmf-dist/tex/latex/imakeidx/imakeidx.sty
Package: imakeidx 2016/10/15 v1.3e Package for typesetting indices in a synchronous mode
 (/usr/share/texlive/texmf-dist/tex/generic/iftex/ifxetex.sty
Package: ifxetex 2019/10/25 v0.7 ifxetex legacy package. Use iftex instead.
) (/usr/share/texlive/texmf-dist/tex/latex/tools/multicol.sty
Package: multicol 2023/03/30 v1.9f multicolumn formatting (FMi)
\c@tracingmulticols=\count355
\mult@box=\box86
\multicol@leftmargin=\dimen301
\c@unbalance=\count356
\c@collectmore=\count357
\doublecol@number=\count358
\multicoltolerance=\count359
\multicolpretolerance=\count360
\full@width=\dimen302
\page@free=\dimen303
\premulticols=\dimen304
\postmulticols=\dimen305
\multicolsep=\skip73
\multicolbaselineskip=\skip74
\partial@page=\box87
\last@line=\box88
\mc@boxedresult=\box89
\maxbalancingoverflow=\dimen306
\mult@rightbox=\box90
\mult@grightbox=\box91
\mult@firstbox=\box92
\mult@gfirstbox=\box93
\@tempa=\box94
\@tempa=\box95
\@tempa=\box96
\@tempa=\box97
\@tempa=\box98
\@tempa=\box99
\@tempa=\box100
\@tempa=\box101
\@tempa=\box102
\@tempa=\box103
\@tempa=\box104
\@tempa=\box105
\@tempa=\box106
\@tempa=\box107
\@tempa=\box108
\@tempa=\box109
\@tempa=\box110
\@tempa=\box111
\@tempa=\box112
\@tempa=\box113
\@tempa=\box114
\@tempa=\box115
\@tempa=\box116
\@tempa=\box117
\@tempa=\box118
\@tempa=\box119
\@tempa=\box120
\@tempa=\box121
\@tempa=\box122
\@tempa=\box123
\@tempa=\box124
\@tempa=\box125
\@tempa=\box126
\@tempa=\box127
\@tempa=\box128
\@tempa=\box129
\c@minrows=\count361
\c@columnbadness=\count362
\c@finalcolumnbadness=\count363
\last@try=\dimen307
\multicolovershoot=\dimen308
\multicolundershoot=\dimen309
\mult@nat@firstbox=\box130
\colbreak@box=\box131
\mc@col@check@num=\count364
))
\main@idxfile=\write7
\openout7 = `main.idx'.


Writing index file main.idx
(/usr/share/texlive/texmf-dist/tex/latex/hyperref/hyperref.sty
Package: hyperref 2024-01-20 v7.01h Hypertext links for LaTeX
 (/usr/share/texlive/texmf-dist/tex/generic/kvdefinekeys/kvdefinekeys.sty
Package: kvdefinekeys 2019-12-19 v1.6 Define keys (HO)
) (/usr/share/texlive/texmf-dist/tex/generic/pdfescape/pdfescape.sty
Package: pdfescape 2019/12/09 v1.15 Implements pdfTeX's escape features (HO)
) (/usr/share/texlive/texmf-dist/tex/latex/hycolor/hycolor.sty
Package: hycolor 2020-01-27 v1.10 Color options for hyperref/bookmark (HO)
) (/usr/share/texlive/texmf-dist/tex/latex/auxhook/auxhook.sty
Package: auxhook 2019-12-17 v1.6 Hooks for auxiliary files (HO)
) (/usr/share/texlive/texmf-dist/tex/latex/hyperref/nameref.sty
Package: nameref 2023-11-26 v2.56 Cross-referencing by name of section
 (/usr/share/texlive/texmf-dist/tex/latex/refcount/refcount.sty
Package: refcount 2019/12/15 v3.6 Data extraction from label references (HO)
) (/usr/share/texlive/texmf-dist/tex/generic/gettitlestring/gettitlestring.sty
Package: gettitlestring 2019/12/15 v1.6 Cleanup title references (HO)
)
\c@section@level=\count365
)
\@linkdim=\dimen310
\Hy@linkcounter=\count366
\Hy@pagecounter=\count367
 (/usr/share/texlive/texmf-dist/tex/latex/hyperref/pd1enc.def
File: pd1enc.def 2024-01-20 v7.01h Hyperref: PDFDocEncoding definition (HO)
Now handling font encoding PD1 ...
... no UTF-8 mapping file for font encoding PD1
) (/usr/share/texlive/texmf-dist/tex/generic/intcalc/intcalc.sty
Package: intcalc 2019/12/15 v1.3 Expandable calculations with integers (HO)
)
\Hy@SavedSpaceFactor=\count368
 (/usr/share/texlive/texmf-dist/tex/latex/hyperref/puenc.def
File: puenc.def 2024-01-20 v7.01h Hyperref: PDF Unicode definition (HO)
Now handling font encoding PU ...
... no UTF-8 mapping file for font encoding PU
)
Package hyperref Info: Option `colorlinks' set `true' on input line 4062.
Package hyperref Info: Hyper figures OFF on input line 4179.
Package hyperref Info: Link nesting OFF on input line 4184.
Package hyperref Info: Hyper index ON on input line 4187.
Package hyperref Info: Plain pages OFF on input line 4194.
Package hyperref Info: Backreferencing ON on input line 4197.
Package hyperref Info: Implicit mode ON; LaTeX internals redefined.
Package hyperref Info: Bookmarks ON on input line 4446.
 (/usr/share/texlive/texmf-dist/tex/latex/hyperref/backref.sty
Package: backref 2023-11-26 v1.44 Bibliographical back referencing
 (/usr/share/texlive/texmf-dist/tex/latex/rerunfilecheck/rerunfilecheck.sty
Package: rerunfilecheck 2022-07-10 v1.10 Rerun checks for auxiliary files (HO)
 (/usr/share/texlive/texmf-dist/tex/latex/base/atveryend-ltx.sty
Package: atveryend-ltx 2020/08/19 v1.0a Emulation of the original atveryend package
with kernel methods
) (/usr/share/texlive/texmf-dist/tex/generic/uniquecounter/uniquecounter.sty
Package: uniquecounter 2019/12/15 v1.4 Provide unlimited unique counter (HO)
 (/usr/share/texlive/texmf-dist/tex/generic/bigintcalc/bigintcalc.sty
Package: bigintcalc 2019/12/15 v1.5 Expandable calculations on big integers (HO)
))
Package uniquecounter Info: New unique counter `rerunfilecheck' on input line 285.
))
\c@Hy@tempcnt=\count369
 (/usr/share/texlive/texmf-dist/tex/latex/url/url.sty
\Urlmuskip=\muskip17
Package: url 2013/09/16  ver 3.4  Verb mode for urls, etc.
)
LaTeX Info: Redefining \url on input line 4784.
\XeTeXLinkMargin=\dimen311
 (/usr/share/texlive/texmf-dist/tex/generic/bitset/bitset.sty
Package: bitset 2019/12/09 v1.3 Handle bit-vector datatype (HO)
)
\Fld@menulength=\count370
\Field@Width=\dimen312
\Fld@charsize=\dimen313
Package hyperref Info: Hyper figures OFF on input line 6063.
Package hyperref Info: Link nesting OFF on input line 6068.
Package hyperref Info: Hyper index ON on input line 6071.
Package hyperref Info: backreferencing ON on input line 6076.
Package hyperref Info: Link coloring ON on input line 6081.
Package hyperref Info: Link coloring with OCG OFF on input line 6088.
Package hyperref Info: PDF/A mode OFF on input line 6093.
 (/usr/share/texlive/texmf-dist/tex/latex/base/atbegshi-ltx.sty
Package: atbegshi-ltx 2021/01/10 v1.0c Emulation of the original atbegshi
package with kernel methods
)
\Hy@abspage=\count371
\c@Item=\count372
\c@Hfootnote=\count373
)
Package hyperref Info: Driver (autodetected): hpdftex.
 (/usr/share/texlive/texmf-dist/tex/latex/hyperref/hpdftex.def
File: hpdftex.def 2024-01-20 v7.01h Hyperref driver for pdfTeX
\Fld@listcount=\count374
\c@bookmark@seq@number=\count375
\Hy@SectionHShift=\skip75
) (/usr/share/texlive/texmf-dist/tex/latex/mathpartir/mathpartir.sty
Package: mathpartir 2016/02/24 version 1.3.2 Math Paragraph for Typesetting Inference Rules
\mpr@andskip=\skip76
\mpr@lista=\toks55
\mpr@listb=\toks56
\mpr@hlist=\box132
\mpr@vlist=\box133
\mpr@right=\box134
) (/usr/share/texlive/texmf-dist/tex/generic/mleftright/mleftright.sty
Package: mleftright 2019/12/03 v1.2 Math left/right delim. as open/close (HO)
) (/usr/share/texlive/texmf-dist/tex/latex/placeins/placeins.sty
Package: placeins 2005/04/18  v 2.2
) (/usr/share/texlive/texmf-dist/tex/latex/base/fontenc.sty
Package: fontenc 2021/04/29 v2.0v Standard LaTeX package
) (/usr/share/texlive/texmf-dist/tex/latex/titling/titling.sty
Package: titling 2009/09/04 v2.1d maketitle typesetting
\thanksmarkwidth=\skip77
\thanksmargin=\skip78
\droptitle=\skip79
) (/usr/share/texmf/tex/latex/tex-gyre/tgadventor.sty
Package: tgadventor 2009/09/10 v1.2 TeX Gyre Adventor as default sans serif family
) (/usr/share/texlive/texmf-dist/tex/latex/psnfss/pifont.sty
Package: pifont 2020/03/25 PSNFSS-v9.3 Pi font support (SPQR) 
LaTeX Font Info:    Trying to load font information for U+pzd on input line 63.
 (/usr/share/texlive/texmf-dist/tex/latex/psnfss/upzd.fd
File: upzd.fd 2001/06/04 font definitions for U/pzd.
)
LaTeX Font Info:    Trying to load font information for U+psy on input line 64.
 (/usr/share/texlive/texmf-dist/tex/latex/psnfss/upsy.fd
File: upsy.fd 2001/06/04 font definitions for U/psy.
)) (/usr/share/texlive/texmf-dist/tex/generic/soul/soul.sty
Package: soul 2023-06-14 v3.1 Permit use of UTF-8 characters in soul (HO)
 (/usr/share/texlive/texmf-dist/tex/generic/soul/soul-ori.sty
Package: soul-ori 2023-06-14 v3.1 letterspacing/underlining (mf)
\SOUL@word=\toks57
\SOUL@lasttoken=\toks58
\SOUL@syllable=\toks59
\SOUL@cmds=\toks60
\SOUL@buffer=\toks61
\SOUL@token=\toks62
\SOUL@syllgoal=\dimen314
\SOUL@syllwidth=\dimen315
\SOUL@charkern=\dimen316
\SOUL@hyphkern=\dimen317
\SOUL@dimen=\dimen318
\SOUL@dimeni=\dimen319
\SOUL@minus=\count376
\SOUL@comma=\count377
\SOUL@apo=\count378
\SOUL@grave=\count379
\SOUL@spaceskip=\skip80
\SOUL@ttwidth=\dimen320
\SOUL@uldp=\dimen321
\SOUL@ulht=\dimen322
)) (/usr/share/texlive/texmf-dist/tex/latex/natbib/natbib.sty
Package: natbib 2010/09/13 8.31b (PWD, AO)
\bibhang=\skip81
\bibsep=\skip82
LaTeX Info: Redefining \cite on input line 694.
\c@NAT@ctr=\count380
) (/usr/share/texlive/texmf-dist/tex/latex/doi/doi.sty
Package: doi 2018/09/09 handle doi numbers
) (/usr/share/texlive/texmf-dist/tex/latex/stmaryrd/stmaryrd.sty
Package: stmaryrd 1994/03/03 St Mary's Road symbol package
\symstmry=\mathgroup6
LaTeX Font Info:    Overwriting symbol font `stmry' in version `bold'
(Font)                  U/stmry/m/n --> U/stmry/b/n on input line 89.
) (/usr/share/texlive/texmf-dist/tex/latex/appendix/appendix.sty
Package: appendix 2020/02/08 v1.2c extra appendix facilities
\c@@pps=\count381
\c@@ppsavesec=\count382
\c@@ppsaveapp=\count383
) (/usr/share/texlive/texmf-dist/tex/latex/lastpage/lastpage.sty
Package: lastpage 2023/10/14 v2.0e lastpage: 2.09 or 2e? (HMM)
 (/usr/share/texlive/texmf-dist/tex/latex/lastpage/lastpage2e.sty
Package: lastpage2e 2023/10/14 v2.0e Decide which 2e lastpage version to use (HMM)
 (/usr/share/texlive/texmf-dist/tex/latex/lastpage/lastpagemodern.sty
Package: lastpagemodern 2023-10-14 v2.0e Refers to last page's name (HMM; JPG)
\c@lastpagecount=\count384
) 
)) (/usr/share/texlive/texmf-dist/tex/latex/pgfplots/pgfplots.sty (/usr/share/texlive/texmf-dist/tex/generic/pgfplots/pgfplots.revision.tex)
Package: pgfplots 2021/05/15 v1.18.1 Data Visualization (1.18.1)
 (/usr/share/texlive/texmf-dist/tex/generic/pgfplots/pgfplots.code.tex (/usr/share/texlive/texmf-dist/tex/generic/pgfplots/pgfplotscore.code.tex
\t@pgfplots@toka=\toks63
\t@pgfplots@tokb=\toks64
\t@pgfplots@tokc=\toks65
\pgfplots@tmpa=\dimen323
\c@pgfplots@coordindex=\count385
\c@pgfplots@scanlineindex=\count386
 (/usr/share/texlive/texmf-dist/tex/generic/pgfplots/sys/pgfplotssysgeneric.code.tex)) (/usr/share/texlive/texmf-dist/tex/generic/pgfplots/libs/pgfplotslibrary.code.tex) (/usr/share/texlive/texmf-dist/tex/generic/pgfplots/oldpgfcompatib/pgfplotsoldpgfsupp_loader.code.tex (/usr/share/texlive/texmf-dist/tex/generic/pgf/libraries/pgflibraryfpu.code.tex)
Package pgfplots: loading complementary utilities for your pgf version...
\t@pgf@toka=\toks66
\t@pgf@tokb=\toks67
\t@pgf@tokc=\toks68
(/usr/share/texlive/texmf-dist/tex/generic/pgfplots/oldpgfcompatib/pgfplotsoldpgfsupp_pgfutil-common-lists.tex)) (/usr/share/texlive/texmf-dist/tex/generic/pgfplots/util/pgfplotsutil.code.tex (/usr/share/texlive/texmf-dist/tex/generic/pgfplots/liststructure/pgfplotsliststructure.code.tex) (/usr/share/texlive/texmf-dist/tex/generic/pgfplots/liststructure/pgfplotsliststructureext.code.tex) (/usr/share/texlive/texmf-dist/tex/generic/pgfplots/liststructure/pgfplotsarray.code.tex
\c@pgfplotsarray@tmp=\count387
) (/usr/share/texlive/texmf-dist/tex/generic/pgfplots/liststructure/pgfplotsmatrix.code.tex) (/usr/share/texlive/texmf-dist/tex/generic/pgfplots/numtable/pgfplotstableshared.code.tex
\c@pgfplotstable@counta=\count388
\t@pgfplotstable@a=\toks69
) (/usr/share/texlive/texmf-dist/tex/generic/pgfplots/liststructure/pgfplotsdeque.code.tex) (/usr/share/texlive/texmf-dist/tex/generic/pgfplots/util/pgfplotsbinary.code.tex (/usr/share/texlive/texmf-dist/tex/generic/pgfplots/util/pgfplotsbinary.data.code.tex)) (/usr/share/texlive/texmf-dist/tex/generic/pgfplots/util/pgfplotsutil.verb.code.tex) (/usr/share/texlive/texmf-dist/tex/generic/pgfplots/libs/pgflibrarypgfplots.surfshading.code.tex
\c@pgfplotslibrarysurf@no=\count389
 (/usr/share/texlive/texmf-dist/tex/generic/pgfplots/sys/pgflibrarypgfplots.surfshading.pgfsys-pdftex.def))) (/usr/share/texlive/texmf-dist/tex/generic/pgfplots/util/pgfplotscolormap.code.tex (/usr/share/texlive/texmf-dist/tex/generic/pgfplots/util/pgfplotscolor.code.tex)) (/usr/share/texlive/texmf-dist/tex/generic/pgfplots/pgfplotsstackedplots.code.tex) (/usr/share/texlive/texmf-dist/tex/generic/pgfplots/pgfplotsplothandlers.code.tex (/usr/share/texlive/texmf-dist/tex/generic/pgfplots/pgfplotsmeshplothandler.code.tex (/usr/share/texlive/texmf-dist/tex/generic/pgfplots/pgfplotsmeshplotimage.code.tex))) (/usr/share/texlive/texmf-dist/tex/generic/pgfplots/pgfplots.scaling.code.tex) (/usr/share/texlive/texmf-dist/tex/generic/pgfplots/pgfplotscoordprocessing.code.tex) (/usr/share/texlive/texmf-dist/tex/generic/pgfplots/pgfplots.errorbars.code.tex) (/usr/share/texlive/texmf-dist/tex/generic/pgfplots/pgfplots.markers.code.tex) (/usr/share/texlive/texmf-dist/tex/generic/pgfplots/pgfplotsticks.code.tex) (/usr/share/texlive/texmf-dist/tex/generic/pgfplots/pgfplots.paths.code.tex) (/usr/share/texlive/texmf-dist/tex/generic/pgf/frontendlayer/tikz/libraries/tikzlibrarydecorations.code.tex (/usr/share/texlive/texmf-dist/tex/generic/pgf/modules/pgfmoduledecorations.code.tex
\pgfdecoratedcompleteddistance=\dimen324
\pgfdecoratedremainingdistance=\dimen325
\pgfdecoratedinputsegmentcompleteddistance=\dimen326
\pgfdecoratedinputsegmentremainingdistance=\dimen327
\pgf@decorate@distancetomove=\dimen328
\pgf@decorate@repeatstate=\count390
\pgfdecorationsegmentamplitude=\dimen329
\pgfdecorationsegmentlength=\dimen330
)
\tikz@lib@dec@box=\box135
) (/usr/share/texlive/texmf-dist/tex/generic/pgf/frontendlayer/tikz/libraries/tikzlibrarydecorations.pathmorphing.code.tex (/usr/share/texlive/texmf-dist/tex/generic/pgf/libraries/decorations/pgflibrarydecorations.pathmorphing.code.tex)) (/usr/share/texlive/texmf-dist/tex/generic/pgf/frontendlayer/tikz/libraries/tikzlibrarydecorations.pathreplacing.code.tex (/usr/share/texlive/texmf-dist/tex/generic/pgf/libraries/decorations/pgflibrarydecorations.pathreplacing.code.tex)) (/usr/share/texlive/texmf-dist/tex/generic/pgfplots/libs/tikzlibrarypgfplots.contourlua.code.tex)
\pgfplots@numplots=\count391
\pgfplots@xmin@reg=\dimen331
\pgfplots@xmax@reg=\dimen332
\pgfplots@ymin@reg=\dimen333
\pgfplots@ymax@reg=\dimen334
\pgfplots@zmin@reg=\dimen335
\pgfplots@zmax@reg=\dimen336
) (/usr/share/texlive/texmf-dist/tex/generic/pgf/frontendlayer/tikz/libraries/tikzlibraryplotmarks.code.tex
File: tikzlibraryplotmarks.code.tex 2023-01-15 v3.1.10 (3.1.10)
 (/usr/share/texlive/texmf-dist/tex/generic/pgf/libraries/pgflibraryplotmarks.code.tex
File: pgflibraryplotmarks.code.tex 2023-01-15 v3.1.10 (3.1.10)
))) (./edcomms.sty) (/usr/share/texlive/texmf-dist/tex/generic/pgf/frontendlayer/tikz/libraries/tikzlibrarypatterns.code.tex
File: tikzlibrarypatterns.code.tex 2023-01-15 v3.1.10 (3.1.10)
 (/usr/share/texlive/texmf-dist/tex/generic/pgf/libraries/pgflibrarypatterns.code.tex
File: pgflibrarypatterns.code.tex 2023-01-15 v3.1.10 (3.1.10)
)) (/usr/share/texlive/texmf-dist/tex/latex/pgf/frontendlayer/libraries/tikzlibraryexternal.code.tex (/usr/share/texlive/texmf-dist/tex/generic/pgf/frontendlayer/tikz/libraries/tikzexternalshared.code.tex))
\openout3 = `main.auxlock'.

 (/usr/share/texlive/texmf-dist/tex/latex/caption/caption.sty
Package: caption 2023/08/05 v3.6o Customizing captions (AR)
 (/usr/share/texlive/texmf-dist/tex/latex/caption/caption3.sty
Package: caption3 2023/07/31 v2.4d caption3 kernel (AR)
\caption@tempdima=\dimen337
\captionmargin=\dimen338
\caption@leftmargin=\dimen339
\caption@rightmargin=\dimen340
\caption@width=\dimen341
\caption@indent=\dimen342
\caption@parindent=\dimen343
\caption@hangindent=\dimen344
Package caption Info: Standard document class detected.
)
\c@caption@flags=\count392
\c@continuedfloat=\count393
Package caption Info: float package is loaded.
Package caption Info: hyperref package is loaded.
Package caption Info: listings package is loaded.
) (/usr/share/texlive/texmf-dist/tex/latex/caption/subcaption.sty
Package: subcaption 2023/07/28 v1.6b Sub-captions (AR)
Package caption Info: New subtype `subfigure' on input line 238.
\c@subfigure=\count394
Package caption Info: New subtype `subtable' on input line 238.
\c@subtable=\count395
) (./definitions.tex
\c@definition=\count396
 (./index.tex)) (/usr/share/texlive/texmf-dist/tex/latex/base/textcomp.sty
Package: textcomp 2020/02/02 v2.0n Standard LaTeX package
)
runsystem(command -v pygmentize && touch main.aex)...disabled (restricted).



/home/fateme/Desktop/thesis/MastersThesis/main.tex:71: Package minted Error: You must have `pygmentize' installed to use this package.

See the minted package documentation for explanation.
Type  H <return>  for immediate help.
 ...                                              
                                                  
l.71 \begin{document}
                     
Refer to the installation instructions in the minted documentation for more information.

(/usr/share/texlive/texmf-dist/tex/latex/l3backend/l3backend-pdftex.def
File: l3backend-pdftex.def 2024-01-04 L3 backend support: PDF output (pdfTeX)
\l__color_backend_stack_int=\count397
\l__pdf_internal_box=\box136
) (bin/main.aux)
\openout1 = `main.aux'.

LaTeX Font Info:    Checking defaults for OML/cmm/m/it on input line 71.
LaTeX Font Info:    ... okay on input line 71.
LaTeX Font Info:    Checking defaults for OMS/cmsy/m/n on input line 71.
LaTeX Font Info:    ... okay on input line 71.
LaTeX Font Info:    Checking defaults for OT1/cmr/m/n on input line 71.
LaTeX Font Info:    ... okay on input line 71.
LaTeX Font Info:    Checking defaults for T1/cmr/m/n on input line 71.
LaTeX Font Info:    ... okay on input line 71.
LaTeX Font Info:    Checking defaults for TS1/cmr/m/n on input line 71.
LaTeX Font Info:    ... okay on input line 71.
LaTeX Font Info:    Checking defaults for OMX/cmex/m/n on input line 71.
LaTeX Font Info:    ... okay on input line 71.
LaTeX Font Info:    Checking defaults for U/cmr/m/n on input line 71.
LaTeX Font Info:    ... okay on input line 71.
LaTeX Font Info:    Checking defaults for T3/cmr/m/n on input line 71.
LaTeX Font Info:    Trying to load font information for T3+cmr on input line 71.
 (/usr/share/texmf/tex/latex/tipa/t3cmr.fd
File: t3cmr.fd 2001/12/31 TIPA font definitions
)
LaTeX Font Info:    ... okay on input line 71.
LaTeX Font Info:    Checking defaults for PD1/pdf/m/n on input line 71.
LaTeX Font Info:    ... okay on input line 71.
LaTeX Font Info:    Checking defaults for PU/pdf/m/n on input line 71.
LaTeX Font Info:    ... okay on input line 71.
 (/usr/share/texlive/texmf-dist/tex/context/base/mkii/supp-pdf.mkii
[Loading MPS to PDF converter (version 2006.09.02).]
\scratchcounter=\count398
\scratchdimen=\dimen345
\scratchbox=\box137
\nofMPsegments=\count399
\nofMParguments=\count400
\everyMPshowfont=\toks70
\MPscratchCnt=\count401
\MPscratchDim=\dimen346
\MPnumerator=\count402
\makeMPintoPDFobject=\count403
\everyMPtoPDFconversion=\toks71
) (/usr/share/texlive/texmf-dist/tex/latex/epstopdf-pkg/epstopdf-base.sty
Package: epstopdf-base 2020-01-24 v2.11 Base part for package epstopdf
Package epstopdf-base Info: Redefining graphics rule for `.eps' on input line 485.
 (/usr/share/texlive/texmf-dist/tex/latex/latexconfig/epstopdf-sys.cfg
File: epstopdf-sys.cfg 2010/07/13 v1.3 Configuration of (r)epstopdf for TeX Live
))
*geometry* driver: auto-detecting
*geometry* detected driver: pdftex
*geometry* verbose mode - [ preamble ] result:
* driver: pdftex
* paper: a4paper
* layout: <same size as paper>
* layoutoffset:(h,v)=(0.0pt,0.0pt)
* modes: 
* h-part:(L,W,R)=(72.26999pt, 452.9679pt, 72.26999pt)
* v-part:(T,H,B)=(108.405pt, 664.37186pt, 72.26999pt)
* \paperwidth=597.50787pt
* \paperheight=845.04684pt
* \textwidth=452.9679pt
* \textheight=664.37186pt
* \oddsidemargin=0.0pt
* \evensidemargin=0.0pt
* \topmargin=6.06752pt
* \headheight=12.0pt
* \headsep=18.06749pt
* \topskip=10.0pt
* \footskip=25.29494pt
* \marginparwidth=56.9055pt
* \marginparsep=7.0pt
* \columnsep=10.0pt
* \skip\footins=9.0pt plus 4.0pt minus 2.0pt
* \hoffset=0.0pt
* \voffset=0.0pt
* \mag=1000
* \@twocolumnfalse
* \@twosidefalse
* \@mparswitchfalse
* \@reversemarginfalse
* (1in=72.27pt=25.4mm, 1cm=28.453pt)

\c@lstlisting=\count404
\axp@proofsfile=\write8
\openout8 = `main.axp'.

Package backref Info: ** backref set up for natbib ** on input line 71.
Package hyperref Info: Link coloring ON on input line 71.
\@outlinefile=\write9
\openout9 = `main.out'.


Package pgfplots Warning: running in backwards compatibility mode (unsuitable tick labels; missing features). Consider writing \pgfplotsset{compat=1.18} into your preamble.
 on input line 71.

Package caption Info: Begin \AtBeginDocument code.
Package caption Info: End \AtBeginDocument code.
[1

{/var/lib/texmf/fonts/map/pdftex/updmap/pdftex.map}{/usr/share/texmf/fonts/enc/dvips/cm-super/cm-super-t1.enc}] (./titlepage.tex

Package geometry Warning: `a4paper': not available in `\newgeometry'; skipped.

*geometry* verbose mode - [ newgeometry ] result:
* driver: pdftex
* paper: a4paper
* layout: <same size as paper>
* layoutoffset:(h,v)=(0.0pt,0.0pt)
* modes: 
* h-part:(L,W,R)=(108.405pt, 416.83289pt, 72.26999pt)
* v-part:(T,H,B)=(108.405pt, 664.37186pt, 72.26999pt)
* \paperwidth=597.50787pt
* \paperheight=845.04684pt
* \textwidth=416.83289pt
* \textheight=664.37186pt
* \oddsidemargin=36.13501pt
* \evensidemargin=36.13501pt
* \topmargin=6.06752pt
* \headheight=12.0pt
* \headsep=18.06749pt
* \topskip=10.0pt
* \footskip=25.29494pt
* \marginparwidth=56.9055pt
* \marginparsep=7.0pt
* \columnsep=10.0pt
* \skip\footins=9.0pt plus 4.0pt minus 2.0pt
* \hoffset=0.0pt
* \voffset=0.0pt
* \mag=1000
* \@twocolumnfalse
* \@twosidefalse
* \@mparswitchfalse
* \@reversemarginfalse
* (1in=72.27pt=25.4mm, 1cm=28.453pt)

[1



{/usr/share/texmf/fonts/enc/dvips/cm-super/cm-super-ts1.enc}]) (./descriptive-notes.tex
LaTeX Font Info:    Trying to load font information for U+msa on input line 9.
 (/usr/share/texlive/texmf-dist/tex/latex/amsfonts/umsa.fd
File: umsa.fd 2013/01/14 v3.01 AMS symbols A
)
LaTeX Font Info:    Trying to load font information for U+msb on input line 9.
 (/usr/share/texlive/texmf-dist/tex/latex/amsfonts/umsb.fd
File: umsb.fd 2013/01/14 v3.01 AMS symbols B
)
LaTeX Font Info:    Trying to load font information for U+stmry on input line 9.
 (/usr/share/texlive/texmf-dist/tex/latex/stmaryrd/Ustmry.fd)

LaTeX Font Warning: Font shape `T1/cmr/b/it' undefined
(Font)              using `T1/cmr/bx/it' instead on input line 17.


LaTeX Warning: Reference `LastRomanPage' on page i undefined on input line 17.


LaTeX Warning: Reference `LastArabicPage' on page i undefined on input line 17.


LaTeX Font Warning: Font shape `T1/cmr/b/it' undefined
(Font)              using `T1/cmr/bx/it' instead on input line 17.


LaTeX Warning: Reference `LastRomanPage' on page i undefined on input line 17.


LaTeX Warning: Reference `LastArabicPage' on page i undefined on input line 17.


Overfull \hbox (46.2276pt too wide) detected at line 17
[]
 []

)
pdfTeX warning (ext4): destination with the same identifier (name{page.i}) has been already used, duplicate ignored
<to be read again> 
                   \relax 
l.83     \chapter
                 *{Lay Abstract} [1] [2

] (./sections/00-abstract.tex

Package natbib Warning: Citation `ModelOfCompForPartFunc_MingQuanFuAndJeffZucker' on page iii undefined on input line 4.


Package natbib Warning: Citation `ComputationByWhileProgramsOnTopologicalPartialAlgebras_TuckerAndZucker' on page iii undefined on input line 4.


Package natbib Warning: Citation `AbstractVSConcreteComputationOnMetricPartialAlgebras_TuckerZucker_2004' on page iii undefined on input line 4.


LaTeX Font Warning: Font shape `T1/cmr/b/it' undefined
(Font)              using `T1/cmr/bx/it' instead on input line 12.


Package natbib Warning: Citation `ModelOfCompForPartFunc_MingQuanFuAndJeffZucker' on page iii undefined on input line 15.


LaTeX Font Warning: Font shape `T1/cmr/b/it' undefined
(Font)              using `T1/cmr/bx/it' instead on input line 16.


Package natbib Warning: Citation `ModelOfCompForPartFunc_MingQuanFuAndJeffZucker' on page iii undefined on input line 21.


LaTeX Font Warning: Font shape `T1/cmr/b/it' undefined
(Font)              using `T1/cmr/bx/it' instead on input line 21.

) [3

] (./sections/000-acknowledgement.tex) [4

]
No file main.toc.
\tf@toc=\write10
\openout10 = `main.toc'.

[5

]
No file main.lof.
\tf@lof=\write11
\openout11 = `main.lof'.

[6

] (./sections/01-introduction.tex
Chapter 1.

Package natbib Warning: Citation `ConcreteModelsTopologicalAlgebra_Tucker1999' on page 1 undefined on input line 5.


Package natbib Warning: Citation `ComputableTotalFunctionsOnMetricAlgebras_JohnTuckerAndJeffZucker' on page 1 undefined on input line 5.


Package natbib Warning: Citation `ModelOfCompForPartFunc_MingQuanFuAndJeffZucker' on page 1 undefined on input line 10.


Package natbib Warning: Citation `ComputationByWhileProgramsOnTopologicalPartialAlgebras_TuckerAndZucker' on page 1 undefined on input line 10.


Package natbib Warning: Citation `AbstractVSConcreteComputationOnMetricPartialAlgebras_TuckerZucker_2004' on page 1 undefined on input line 10.


LaTeX Font Warning: Font shape `T1/cmr/b/it' undefined
(Font)              using `T1/cmr/bx/it' instead on input line 18.


LaTeX Font Warning: Font shape `T1/cmr/b/it' undefined
(Font)              using `T1/cmr/bx/it' instead on input line 20.


Package natbib Warning: Citation `ModelOfCompForPartFunc_MingQuanFuAndJeffZucker' on page 1 undefined on input line 26.


LaTeX Font Warning: Font shape `T1/cmr/b/it' undefined
(Font)              using `T1/cmr/bx/it' instead on input line 27.


Package natbib Warning: Citation `ModelOfCompForPartFunc_MingQuanFuAndJeffZucker' on page 1 undefined on input line 32.


LaTeX Font Warning: Font shape `T1/cmr/b/it' undefined
(Font)              using `T1/cmr/bx/it' instead on input line 32.


LaTeX Font Warning: Font shape `T1/cmr/b/it' undefined
(Font)              using `T1/cmr/bx/it' instead on input line 36.


LaTeX Warning: Reference `sec::Preliminaries' on page 1 undefined on input line 43.


LaTeX Warning: Reference `sec::WhileCC-appx-elem-function' on page 1 undefined on input line 43.


LaTeX Font Warning: Font shape `T1/cmr/b/it' undefined
(Font)              using `T1/cmr/bx/it' instead on input line 43.


LaTeX Warning: Reference `def::whileCC-approximable' on page 1 undefined on input line 43.


LaTeX Warning: Reference `sec::open_exhaustion_for_domain_of_elem_functions' on page 1 undefined on input line 44.


LaTeX Warning: Reference `sec::acceptability_of_elem_functions' on page 1 undefined on input line 47.


LaTeX Warning: Reference `sec::open_exhaustion_for_domain_of_elem_functions' on page 1 undefined on input line 51.


LaTeX Warning: Reference `sec::ConclusionAndFutureWork' on page 1 undefined on input line 52.


LaTeX Warning: Reference `sec::appendix' on page 1 undefined on input line 52.


LaTeX Warning: Reference `sec::WhileCC-appx-elem-function' on page 1 undefined on input line 52.

)
pdfTeX warning (ext4): destination with the same identifier (name{page.1}) has been already used, duplicate ignored
<to be read again> 
                   \relax 
l.97     \newpage
                  [1


] [2] (./sections/02-preliminaries.tex
Chapter 2.

Package natbib Warning: Citation `ComputableFunctionsAndSemicomputableSetsOnManySortedAlgebras-TuckerAndZucker_Handbook_2001' on page 3 undefined on input line 6.


LaTeX Font Warning: Font shape `T1/cmr/b/it' undefined
(Font)              using `T1/cmr/bx/it' instead on input line 6.


Package natbib Warning: Citation `AbstractVSConcreteComputationOnMetricPartialAlgebras_TuckerZucker_2004' on page 3 undefined on input line 6.

(./sections/2/notation.tex

LaTeX Warning: Reference `sec::realizability' on page 3 undefined on input line 5.


LaTeX Warning: Reference `sec::alpha-computability' on page 3 undefined on input line 5.

) (./sections/2/algebraic-concepts.tex

Package natbib Warning: Citation `ComputableFunctionsAndSemicomputableSetsOnManySortedAlgebras-TuckerAndZucker_Handbook_2001' on page 3 undefined on input line 3.


Overfull \hbox (1.75266pt too wide) in paragraph at lines 4--5
[][]\T1/cmr/b/n/12 Definition 2.1.1 (Many--sorted sig-na-tures, (?)). []\T1/cmr/m/n/12 A []sig-na-ture $\OT1/cmr/m/n/12 ^^F$ \T1/cmr/m/n/12 is a pair $\OMS/cmsy/m/n/12 h[]\OT1/cmr/m/n/12 (^^F)\OML/cmm/m/it/12 ; []\OT1/cmr/m/n/12 (^^F)\OMS/cmsy/m/n/12 i$
 []


Package natbib Warning: Citation `ComputableFunctionsAndSemicomputableSetsOnManySortedAlgebras-TuckerAndZucker_Handbook_2001' on page 3 undefined on input line 14.


Package natbib Warning: Citation `ComputableFunctionsAndSemicomputableSetsOnManySortedAlgebras-TuckerAndZucker_Handbook_2001' on page 3 undefined on input line 25.


Package natbib Warning: Citation `ComputableFunctionsAndSemicomputableSetsOnManySortedAlgebras-TuckerAndZucker_Handbook_2001' on page 3 undefined on input line 31.

[3

]

Package natbib Warning: Citation `ComputableFunctionsAndSemicomputableSetsOnManySortedAlgebras-TuckerAndZucker_Handbook_2001' on page 4 undefined on input line 54.


Package natbib Warning: Citation `ComputableFunctionsAndSemicomputableSetsOnManySortedAlgebras-TuckerAndZucker_Handbook_2001' on page 4 undefined on input line 71.


LaTeX Font Warning: Font shape `T1/cmr/b/it' undefined
(Font)              using `T1/cmr/bx/it' instead on input line 133.


LaTeX Font Warning: Font shape `T1/cmr/b/it' undefined
(Font)              using `T1/cmr/bx/it' instead on input line 133.


Package natbib Warning: Citation `ComputableFunctionsAndSemicomputableSetsOnManySortedAlgebras-TuckerAndZucker_Handbook_2001' on page 4 undefined on input line 134.


Package natbib Warning: Citation `AbstractVSConcreteComputationOnMetricPartialAlgebras_TuckerZucker_2004' on page 4 undefined on input line 134.

[4])

LaTeX Font Warning: Font shape `T1/cmr/b/it' undefined
(Font)              using `T1/cmr/b/n' instead on input line 13.

(./sections/2/whilecc-syntax.tex

Package natbib Warning: Citation `AbstractVSConcreteComputationOnMetricPartialAlgebras_TuckerZucker_2004' on page 5 undefined on input line 5.


Package natbib Warning: Citation `AbstractVSConcreteComputationOnMetricPartialAlgebras_TuckerZucker_2004' on page 5 undefined on input line 8.

[5] [6] [7]

Package natbib Warning: Citation `AbstractVSConcreteComputationOnMetricPartialAlgebras_TuckerZucker_2004' on page 8 undefined on input line 219.

[8]

LaTeX Warning: Reference `def::whileCCsyntax' on page 9 undefined on input line 229.


Package natbib Warning: Citation `AbstractVSConcreteComputationOnMetricPartialAlgebras_TuckerZucker_2004' on page 9 undefined on input line 230.

[9]) (./sections/2/whilecc-semantics.tex

Package natbib Warning: Citation `AbstractVSConcreteComputationOnMetricPartialAlgebras_TuckerZucker_2004' on page 10 undefined on input line 2.


Overfull \hbox (7.06276pt too wide) in paragraph at lines 2--4
\T1/cmr/m/n/12 countably-many-valued state trans-for-ma-tions, and pro-ce-dures are in-ter-preted as countably-
 []


Package natbib Warning: Citation `AbstractVSConcreteComputationOnMetricPartialAlgebras_TuckerZucker_2004' on page 10 undefined on input line 9.


Package natbib Warning: Citation `AbstractVSConcreteComputationOnMetricPartialAlgebras_TuckerZucker_2004' on page 10 undefined on input line 25.

[10]

Package natbib Warning: Citation `ComputableFunctionsAndSemicomputableSetsOnManySortedAlgebras-TuckerAndZucker_Handbook_2001' on page 11 undefined on input line 46.


LaTeX Warning: Reference `def::semantics_wcc_first_and_rest' on page 11 undefined on input line 48.


Package natbib Warning: Citation `AbstractVSConcreteComputationOnMetricPartialAlgebras_TuckerZucker_2004' on page 11 undefined on input line 69.


Package natbib Warning: Citation `AbstractVSConcreteComputationOnMetricPartialAlgebras_TuckerZucker_2004' on page 11 undefined on input line 91.

[11]

Package natbib Warning: Citation `AbstractVSConcreteComputationOnMetricPartialAlgebras_TuckerZucker_2004' on page 12 undefined on input line 138.


Package natbib Warning: Citation `AbstractVSConcreteComputationOnMetricPartialAlgebras_TuckerZucker_2004' on page 12 undefined on input line 148.


Package natbib Warning: Citation `AbstractVSConcreteComputationOnMetricPartialAlgebras_TuckerZucker_2004' on page 12 undefined on input line 165.

[12]

LaTeX Warning: Reference `def::comp-tree' on page 13 undefined on input line 173.


Package natbib Warning: Citation `AbstractVSConcreteComputationOnMetricPartialAlgebras_TuckerZucker_2004' on page 13 undefined on input line 186.


Package natbib Warning: Citation `AbstractVSConcreteComputationOnMetricPartialAlgebras_TuckerZucker_2004' on page 13 undefined on input line 199.

) (./sections/2/whilecc-approximability.tex

Package natbib Warning: Citation `ModelOfCompForPartFunc_MingQuanFuAndJeffZucker' on page 13 undefined on input line 1.


Package natbib Warning: Citation `ModelOfCompForPartFunc_MingQuanFuAndJeffZucker' on page 13 undefined on input line 4.

[13]

Package natbib Warning: Citation `FlowDiagramsTuringMachinesAndLanguagesWithOnlyTwoFormationRules_Bohm_Corrado_Jacopini_1966' on page 14 undefined on input line 44.


Package natbib Warning: Citation `Cutland1980' on page 14 undefined on input line 44.

) (./sections/2/some-basic-functions.tex [14]) (./sections/2/Computability-on-other-domains.tex

Package natbib Warning: Citation `bauer2022notes' on page 15 undefined on input line 4.

[15]) (./sections/2/alpha-tracking-computability.tex

LaTeX Warning: Reference `sec::elementary-functions' on page 16 undefined on input line 4.


Package natbib Warning: Citation `ModelOfCompForPartFunc_MingQuanFuAndJeffZucker' on page 16 undefined on input line 4.


Package natbib Warning: Citation `ModelOfCompForPartFunc_MingQuanFuAndJeffZucker' on page 16 undefined on input line 6.

[16]

Package natbib Warning: Citation `ModelOfCompForPartFunc_MingQuanFuAndJeffZucker' on page 17 undefined on input line 44.


Package natbib Warning: Citation `ModelOfCompForPartFunc_MingQuanFuAndJeffZucker' on page 17 undefined on input line 59.


Package natbib Warning: Citation `ModelOfCompForPartFunc_MingQuanFuAndJeffZucker' on page 17 undefined on input line 67.


Package natbib Warning: Citation `ModelOfCompForPartFunc_MingQuanFuAndJeffZucker' on page 17 undefined on input line 78.


Package natbib Warning: Citation `AbstractVSConcreteComputationOnMetricPartialAlgebras_TuckerZucker_2004' on page 17 undefined on input line 87.

[17]

LaTeX Warning: Reference `corollary::soundness' on page 18 undefined on input line 91.


LaTeX Warning: Reference `def::alpha-bar-comp' on page 18 undefined on input line 96.


Overfull \hbox (3.54523pt too wide) in paragraph at lines 99--100
[][]\T1/cmr/b/it/12 Lemma 2.4.8. []\T1/cmr/m/n/12 The con-stant func-tion $\OML/cmm/m/it/12 f\OT1/cmr/m/n/12 (\OML/cmm/m/it/12 x\OT1/cmr/m/n/12 ) = \OML/cmm/m/it/12 c$ \T1/cmr/m/n/12 for any []$\OML/cmm/m/it/12 $\T1/cmr/m/n/12 -computable real $\OML/cmm/m/it/12 c$ \T1/cmr/m/n/12 is $\OML/cmm/m/it/12 $\T1/cmr/m/n/12 -computable. 
 []

) (./sections/2/real-analysis.tex

LaTeX Warning: Reference `def::acceptable_function' on page 18 undefined on input line 3.


Package natbib Warning: Citation `ComputableTotalFunctionsOnMetricAlgebras_JohnTuckerAndJeffZucker' on page 18 undefined on input line 3.


Package natbib Warning: Citation `ModelOfCompForPartFunc_MingQuanFuAndJeffZucker' on page 18 undefined on input line 3.


LaTeX Warning: Reference `def::effective-local-uniform-continuity' on page 18 undefined on input line 5.


Package natbib Warning: Citation `ComputabilityInAnalysisAndPhysics_Poure-El_Richards' on page 18 undefined on input line 8.


Package natbib Warning: Citation `ComputableTotalFunctionsOnMetricAlgebras_JohnTuckerAndJeffZucker' on page 18 undefined on input line 10.


Package natbib Warning: Citation `ModelOfCompForPartFunc_MingQuanFuAndJeffZucker' on page 18 undefined on input line 17.


Overfull \hbox (20.96475pt too wide) in paragraph at lines 19--26
[][]\T1/cmr/b/it/12 Definition 2.5.1 (Open ex-haus-tion, (?)). []\T1/cmr/m/n/12 Let $\OML/cmm/m/it/12 U$ \T1/cmr/m/n/12 be an open sub-set of $\U/msb/m/n/12 R$\T1/cmr/m/n/12 , and $\OML/cmm/m/it/12 X \OT1/cmr/m/n/12 = (\OML/cmm/m/it/12 U[]; U[]; U[]; :::\OT1/cmr/m/n/12 )$
 []

[18]

Package natbib Warning: Citation `ModelOfCompForPartFunc_MingQuanFuAndJeffZucker' on page 19 undefined on input line 39.


Package natbib Warning: Citation `ModelOfCompForPartFunc_MingQuanFuAndJeffZucker' on page 19 undefined on input line 52.

) (./sections/2/acceptable-functions.tex) (./sections/2/multipolynomial-approximability.tex

LaTeX Warning: Reference `sec::continuity_for_composition' on page 19 undefined on input line 3.


Package natbib Warning: Citation `ModelOfCompForPartFunc_MingQuanFuAndJeffZucker' on page 19 undefined on input line 5.


Overfull \hbox (16.35966pt too wide) in paragraph at lines 6--7
[][]\T1/cmr/b/it/12 Definition 2.6.1 (Mul-ti-poly-no-mial, (?)). []\T1/cmr/m/n/12 Given a fi-nite se-quence of poly-no-mi-als $\OT1/cmr/m/n/12 (\OML/cmm/m/it/12 p[]; p[]; [] ; p[]\OT1/cmr/m/n/12 )$
 []


Package natbib Warning: Citation `ModelOfCompForPartFunc_MingQuanFuAndJeffZucker' on page 19 undefined on input line 23.

[19]

Package natbib Warning: Citation `ModelOfCompForPartFunc_MingQuanFuAndJeffZucker' on page 20 undefined on input line 31.

) (./sections/2/equivalence-lemma.tex

Package natbib Warning: Citation `ModelOfCompForPartFunc_MingQuanFuAndJeffZucker' on page 20 undefined on input line 1.


Package natbib Warning: Citation `ComputabilityInAnalysisAndPhysics_Poure-El_Richards' on page 20 undefined on input line 8.


Package natbib Warning: Citation `ModelOfCompForPartFunc_MingQuanFuAndJeffZucker' on page 20 undefined on input line 8.

)) [20] (./sections/03-proof-for-elem-functions.tex
Chapter 3.
(./sections/3/00-00-intro.tex

LaTeX Warning: Reference `def::elementary_functions' on page 21 undefined on input line 1.


LaTeX Warning: Reference `thm::elem_funcs_are_WCC_approximable' on page 21 undefined on input line 8.


LaTeX Warning: Reference `sec::elementary-functions' on page 21 undefined on input line 12.


LaTeX Warning: Reference `sec4::subsection::preliminary-lemmas' on page 21 undefined on input line 12.


LaTeX Warning: Reference `sec4::subsection::basics' on page 21 undefined on input line 12.


LaTeX Warning: Reference `sec4::subsection::addition' on page 21 undefined on input line 12.


LaTeX Warning: Reference `sec4::subsection::nth-root' on page 21 undefined on input line 12.


LaTeX Warning: Reference `sec::conclusion::elem-funcs-are-WCC-appxmable' on page 21 undefined on input line 12.

) (./sections/3/elementary-functions.tex

Package natbib Warning: Citation `OrdinaryDifferentialEquations_Morris_Tenenbaum_1985' on page 21 undefined on input line 6.


LaTeX Warning: Reference `why-alpha-computable' on page 21 undefined on input line 8.


LaTeX Warning: Reference `sec::alpha-computability' on page 21 undefined on input line 8.

[21

]

Package natbib Warning: Citation `OrdinaryDifferentialEquations_Morris_Tenenbaum_1985' on page 22 undefined on input line 44.

) (./sections/3/00-01-preliminaries.tex [22]

LaTeX Warning: Command \; invalid in math mode on input line 60.


LaTeX Warning: Command \; invalid in math mode on input line 60.


LaTeX Warning: Command \; invalid in math mode on input line 60.


LaTeX Warning: Command \; invalid in math mode on input line 60.


LaTeX Warning: Command \; invalid in math mode on input line 60.


LaTeX Warning: Command \; invalid in math mode on input line 60.


LaTeX Warning: Command \; invalid in math mode on input line 60.


LaTeX Warning: Command \; invalid in math mode on input line 60.


LaTeX Warning: Command \; invalid in math mode on input line 65.


LaTeX Warning: Command \; invalid in math mode on input line 65.


LaTeX Warning: Command \; invalid in math mode on input line 65.


LaTeX Warning: Command \; invalid in math mode on input line 65.


LaTeX Warning: Command \; invalid in math mode on input line 65.


LaTeX Warning: Command \; invalid in math mode on input line 65.


LaTeX Warning: Command \; invalid in math mode on input line 65.


LaTeX Warning: Command \; invalid in math mode on input line 65.


LaTeX Warning: Reference `pre::lemma::1' on page 23 undefined on input line 68.


LaTeX Warning: Reference `pre::lemma::2' on page 23 undefined on input line 85.


LaTeX Warning: Reference `pre::lemma::1' on page 23 undefined on input line 85.


LaTeX Warning: Command \; invalid in math mode on input line 95.


LaTeX Warning: Command \; invalid in math mode on input line 95.


LaTeX Warning: Command \; invalid in math mode on input line 95.


LaTeX Warning: Command \; invalid in math mode on input line 95.


LaTeX Warning: Command \; invalid in math mode on input line 97.


LaTeX Warning: Command \; invalid in math mode on input line 97.


LaTeX Warning: Command \; invalid in math mode on input line 97.


LaTeX Warning: Command \; invalid in math mode on input line 97.

[23]

LaTeX Warning: Reference `def::fIsLessThan-fIsMoreThan' on page 24 undefined on input line 101.


LaTeX Warning: Reference `lemma::prelim::under-over-approxaimation' on page 24 undefined on input line 149.

[24]

LaTeX Warning: Command \; invalid in math mode on input line 178.


LaTeX Warning: Command \; invalid in math mode on input line 178.


LaTeX Warning: Command \; invalid in math mode on input line 178.


LaTeX Warning: Command \; invalid in math mode on input line 178.


LaTeX Warning: Command \; invalid in math mode on input line 180.


LaTeX Warning: Command \; invalid in math mode on input line 180.


LaTeX Warning: Command \; invalid in math mode on input line 180.


LaTeX Warning: Command \; invalid in math mode on input line 180.

) (./sections/3/01-00-00-basics.tex

LaTeX Warning: Reference `lemma::const_is_alpha_comp' on page 25 undefined on input line 9.


LaTeX Warning: Reference `lemma::equivalence_alpha_tracking_wcc_appx' on page 25 undefined on input line 9.


LaTeX Warning: Reference `lemma::id_is_alpha_comp' on page 25 undefined on input line 18.


LaTeX Warning: Reference `lemma::equivalence_alpha_tracking_wcc_appx' on page 25 undefined on input line 18.

) (./sections/3/01-00-addition.tex [25]

LaTeX Warning: Reference `claim::addition::1' on page 26 undefined on input line 64.


LaTeX Warning: Reference `claim::addition::2' on page 26 undefined on input line 64.


LaTeX Warning: Reference `claim::addition::3' on page 26 undefined on input line 64.

) (./sections/3/01-01-multiplication.tex [26]

LaTeX Warning: Reference `mult-cond-2' on page 27 undefined on input line 68.

[27]

LaTeX Warning: Reference `mult-cond-1' on page 28 undefined on input line 74.


LaTeX Warning: Reference `lemma::condition-multiplication' on page 28 undefined on input line 107.


LaTeX Warning: Reference `claim::multiplication::1' on page 28 undefined on input line 114.


LaTeX Warning: Reference `claim::multiplication::2' on page 28 undefined on input line 114.


LaTeX Warning: Reference `claim::multiplication::3' on page 28 undefined on input line 114.

) (./sections/3/01-02-division.tex [28] [29]

LaTeX Warning: Reference `lemma::condition-division' on page 30 undefined on input line 125.


LaTeX Warning: Reference `claim::division::1' on page 30 undefined on input line 132.


LaTeX Warning: Reference `claim::division::2' on page 30 undefined on input line 132.


LaTeX Warning: Reference `claim::division::3' on page 30 undefined on input line 132.

) (./sections/3/exp/exponential.tex (./sections/3/exp/01-exp.tex
Overfull \hbox (6.72273pt too wide) in paragraph at lines 3--1
\T1/cmr/m/n/12 In this sec-tion, we dis-cuss []\T1/cmr/b/it/12 WhileCC\T1/cmr/m/n/12 -approximability of the func-tion $[][]\OT1/cmr/m/n/12 (\OML/cmm/m/it/12 x\OT1/cmr/m/n/12 )$ \T1/cmr/m/n/12 for a \T1/cmr/b/it/12 WhileCC\T1/cmr/m/n/12 -
 []

[30]

LaTeX Warning: Command \; invalid in math mode on input line 30.


LaTeX Warning: Command \; invalid in math mode on input line 30.


LaTeX Warning: Command \; invalid in math mode on input line 30.


LaTeX Warning: Command \; invalid in math mode on input line 30.


LaTeX Warning: Reference `item::ispropindex::2' on page 31 undefined on input line 61.


LaTeX Warning: Reference `lemma::sum::g' on page 31 undefined on input line 61.


LaTeX Warning: Reference `item::ispropindex::1' on page 31 undefined on input line 61.


LaTeX Warning: Reference `item::ispropindex::2' on page 31 undefined on input line 61.


LaTeX Warning: Reference `lemma::sum::g' on page 31 undefined on input line 61.


LaTeX Warning: Reference `item::ispropindex::1' on page 31 undefined on input line 61.

[31]

LaTeX Warning: Reference `lemma::isProperIndex_exp' on page 32 undefined on input line 63.


LaTeX Warning: Reference `thm::spivak_theorem' on page 32 undefined on input line 71.


LaTeX Warning: Reference `eq::exp' on page 32 undefined on input line 106.

[32]

LaTeX Warning: Reference `lemma::existence::exp' on page 33 undefined on input line 112.


LaTeX Warning: Reference `lemma::isProperIndex_exp' on page 33 undefined on input line 122.


LaTeX Warning: Reference `expOfX' on page 33 undefined on input line 126.


LaTeX Warning: Reference `claim::exponential::1' on page 33 undefined on input line 129.


LaTeX Warning: Reference `claim::exponential::2' on page 33 undefined on input line 129.

) (./sections/3/exp/02-exp-of-f.tex [33]

LaTeX Warning: Reference `lemma::exp-comparison' on page 34 undefined on input line 70.


LaTeX Warning: Reference `expf::item::cond-2' on page 34 undefined on input line 70.


LaTeX Warning: Reference `lemma::exp-comparison' on page 34 undefined on input line 70.


LaTeX Warning: Reference `expf::item::cond-2' on page 34 undefined on input line 70.


LaTeX Warning: Reference `expf::item::cond-1' on page 34 undefined on input line 71.

[34]

LaTeX Warning: Reference `lemma::condition-exp' on page 35 undefined on input line 107.


LaTeX Warning: Reference `claim::existanceOfMForExp' on page 35 undefined on input line 115.


LaTeX Warning: Reference `claim::exp::2' on page 35 undefined on input line 115.


LaTeX Warning: Reference `claim::exp::3' on page 35 undefined on input line 115.

)) (./sections/3/ln/log.tex (./sections/3/ln/00-intro.tex) (./sections/3/ln/01-ln-of-f.tex [35]

LaTeX Warning: Reference `claim::log::1' on page 36 undefined on input line 63.


LaTeX Warning: Reference `claim::log::2' on page 36 undefined on input line 63.


LaTeX Warning: Reference `claim::log::3' on page 36 undefined on input line 63.

)) (./sections/3/sin/sin.tex (./sections/3/sin/01-sin.tex
Overfull \hbox (3.19777pt too wide) in paragraph at lines 3--1
\T1/cmr/m/n/12 In this sec-tion, we dis-cuss []\T1/cmr/b/it/12 WhileCC\T1/cmr/m/n/12 -approximability of the func-tion $[][]\OT1/cmr/m/n/12 (\OML/cmm/m/it/12 x\OT1/cmr/m/n/12 )$ \T1/cmr/m/n/12 for a \T1/cmr/b/it/12 WhileCC\T1/cmr/m/n/12 -
 []


LaTeX Warning: Command \; invalid in math mode on input line 30.


LaTeX Warning: Command \; invalid in math mode on input line 30.


LaTeX Warning: Command \; invalid in math mode on input line 30.


LaTeX Warning: Command \; invalid in math mode on input line 30.

[36]

LaTeX Warning: Reference `item::ispropindex::2-sin' on page 37 undefined on input line 62.


LaTeX Warning: Reference `lemma::sum::g' on page 37 undefined on input line 62.


LaTeX Warning: Reference `item::ispropindex::1-sin' on page 37 undefined on input line 62.


LaTeX Warning: Reference `item::ispropindex::2-sin' on page 37 undefined on input line 62.


LaTeX Warning: Reference `lemma::sum::g' on page 37 undefined on input line 62.


LaTeX Warning: Reference `item::ispropindex::1-sin' on page 37 undefined on input line 62.


LaTeX Warning: Reference `thm::spivak_theorem' on page 37 undefined on input line 70.

[37]

LaTeX Warning: Reference `eq::sin' on page 38 undefined on input line 104.


LaTeX Warning: Reference `lemma::existence::sin' on page 38 undefined on input line 108.


LaTeX Warning: Reference `def::sin' on page 38 undefined on input line 108.


LaTeX Warning: Reference `def::sin' on page 38 undefined on input line 121.


LaTeX Warning: Reference `lemma::isProperIndex_sin' on page 38 undefined on input line 121.

) (./sections/3/sin/02-sin-of-f.tex [38]

LaTeX Warning: Reference `claim::sin::1' on page 39 undefined on input line 64.


LaTeX Warning: Reference `claim::sin::2' on page 39 undefined on input line 64.


LaTeX Warning: Reference `claim::sin::3' on page 39 undefined on input line 64.

)) (./sections/3/01-06-03-arcsin.tex

LaTeX Warning: Reference `def::elementary_functions' on page 39 undefined on input line 4.


Underfull \hbox (badness 10000) in paragraph at lines 14--15

 []

[39]
Underfull \hbox (badness 10000) in paragraph at lines 37--40

 []


LaTeX Warning: Command \; invalid in math mode on input line 63.


LaTeX Warning: Command \; invalid in math mode on input line 63.


LaTeX Warning: Command \; invalid in math mode on input line 63.


LaTeX Warning: Command \; invalid in math mode on input line 63.


LaTeX Warning: Command \; invalid in math mode on input line 63.


LaTeX Warning: Command \; invalid in math mode on input line 63.


LaTeX Warning: Command \; invalid in math mode on input line 63.


LaTeX Warning: Command \; invalid in math mode on input line 63.


LaTeX Warning: Command \; invalid in math mode on input line 63.


LaTeX Warning: Command \; invalid in math mode on input line 63.


LaTeX Warning: Command \; invalid in math mode on input line 63.


LaTeX Warning: Command \; invalid in math mode on input line 63.


LaTeX Warning: Command \; invalid in math mode on input line 63.


LaTeX Warning: Command \; invalid in math mode on input line 63.


LaTeX Warning: Command \; invalid in math mode on input line 63.


LaTeX Warning: Command \; invalid in math mode on input line 63.


LaTeX Warning: Command \; invalid in math mode on input line 63.


LaTeX Warning: Command \; invalid in math mode on input line 63.


LaTeX Warning: Command \; invalid in math mode on input line 63.


LaTeX Warning: Command \; invalid in math mode on input line 63.


LaTeX Warning: Command \; invalid in math mode on input line 63.


LaTeX Warning: Command \; invalid in math mode on input line 63.


LaTeX Warning: Command \; invalid in math mode on input line 63.


LaTeX Warning: Command \; invalid in math mode on input line 63.


LaTeX Warning: Command \; invalid in math mode on input line 63.


LaTeX Warning: Command \; invalid in math mode on input line 63.


LaTeX Warning: Command \; invalid in math mode on input line 63.


LaTeX Warning: Command \; invalid in math mode on input line 63.


LaTeX Warning: Command \; invalid in math mode on input line 63.


LaTeX Warning: Command \; invalid in math mode on input line 63.


LaTeX Warning: Command \; invalid in math mode on input line 63.


LaTeX Warning: Command \; invalid in math mode on input line 63.


LaTeX Warning: Command \; invalid in math mode on input line 63.


LaTeX Warning: Command \; invalid in math mode on input line 63.


LaTeX Warning: Command \; invalid in math mode on input line 63.


LaTeX Warning: Command \; invalid in math mode on input line 63.


LaTeX Warning: Command \; invalid in math mode on input line 63.


LaTeX Warning: Command \; invalid in math mode on input line 63.


LaTeX Warning: Command \; invalid in math mode on input line 63.


LaTeX Warning: Command \; invalid in math mode on input line 63.


LaTeX Warning: Command \; invalid in math mode on input line 63.


LaTeX Warning: Command \; invalid in math mode on input line 63.


LaTeX Warning: Command \; invalid in math mode on input line 63.


LaTeX Warning: Command \; invalid in math mode on input line 63.


LaTeX Warning: Command \; invalid in math mode on input line 63.


LaTeX Warning: Command \; invalid in math mode on input line 63.


LaTeX Warning: Command \; invalid in math mode on input line 63.


LaTeX Warning: Command \; invalid in math mode on input line 63.


LaTeX Warning: Command \; invalid in math mode on input line 76.


LaTeX Warning: Command \; invalid in math mode on input line 76.


LaTeX Warning: Command \; invalid in math mode on input line 76.


LaTeX Warning: Command \; invalid in math mode on input line 76.


LaTeX Warning: Command \; invalid in math mode on input line 76.


LaTeX Warning: Command \; invalid in math mode on input line 76.


LaTeX Warning: Command \; invalid in math mode on input line 76.


LaTeX Warning: Command \; invalid in math mode on input line 76.


LaTeX Warning: Command \; invalid in math mode on input line 76.


LaTeX Warning: Command \; invalid in math mode on input line 76.


LaTeX Warning: Command \; invalid in math mode on input line 76.


LaTeX Warning: Command \; invalid in math mode on input line 76.


LaTeX Warning: Command \; invalid in math mode on input line 76.


LaTeX Warning: Command \; invalid in math mode on input line 76.


LaTeX Warning: Command \; invalid in math mode on input line 76.


LaTeX Warning: Command \; invalid in math mode on input line 76.


LaTeX Warning: Command \; invalid in math mode on input line 76.


LaTeX Warning: Command \; invalid in math mode on input line 76.


LaTeX Warning: Command \; invalid in math mode on input line 76.


LaTeX Warning: Command \; invalid in math mode on input line 76.


LaTeX Warning: Command \; invalid in math mode on input line 76.


LaTeX Warning: Command \; invalid in math mode on input line 76.


LaTeX Warning: Command \; invalid in math mode on input line 76.


LaTeX Warning: Command \; invalid in math mode on input line 76.


LaTeX Warning: Command \; invalid in math mode on input line 76.


LaTeX Warning: Command \; invalid in math mode on input line 76.


LaTeX Warning: Command \; invalid in math mode on input line 76.


LaTeX Warning: Command \; invalid in math mode on input line 76.


LaTeX Warning: Command \; invalid in math mode on input line 76.


LaTeX Warning: Command \; invalid in math mode on input line 76.


LaTeX Warning: Command \; invalid in math mode on input line 76.


LaTeX Warning: Command \; invalid in math mode on input line 76.


LaTeX Warning: Command \; invalid in math mode on input line 76.


LaTeX Warning: Command \; invalid in math mode on input line 76.


LaTeX Warning: Command \; invalid in math mode on input line 76.


LaTeX Warning: Command \; invalid in math mode on input line 76.


LaTeX Warning: Command \; invalid in math mode on input line 76.


LaTeX Warning: Command \; invalid in math mode on input line 76.


LaTeX Warning: Command \; invalid in math mode on input line 76.


LaTeX Warning: Command \; invalid in math mode on input line 76.


LaTeX Warning: Command \; invalid in math mode on input line 76.


LaTeX Warning: Command \; invalid in math mode on input line 76.


LaTeX Warning: Command \; invalid in math mode on input line 76.


LaTeX Warning: Command \; invalid in math mode on input line 76.


LaTeX Warning: Command \; invalid in math mode on input line 76.


LaTeX Warning: Command \; invalid in math mode on input line 76.


LaTeX Warning: Command \; invalid in math mode on input line 76.


LaTeX Warning: Command \; invalid in math mode on input line 76.

[40]
Overfull \hbox (17.5179pt too wide) in paragraph at lines 109--111
\T1/cmr/m/n/12 procedure, we get a pro-ce-dure for \T1/cmr/b/it/12 WhileCC\T1/cmr/m/n/12 -approximating the to-tal-ized ver-sion $[][]\OT1/cmr/m/n/12 (\OML/cmm/m/it/12 f\OT1/cmr/m/n/12 (\OML/cmm/m/it/12 x\OT1/cmr/m/n/12 ))$\T1/cmr/m/n/12 . 
 []

[41] [42]

LaTeX Warning: Reference `def::fIsLessThan-fIsMoreThan' on page 43 undefined on input line 210.


LaTeX Warning: Reference `lemma::arcsin::bound' on page 43 undefined on input line 237.


LaTeX Warning: Reference `lemma::arcsin::bound' on page 43 undefined on input line 237.

[43]

LaTeX Warning: Reference `lemma::arcsin::bound' on page 44 undefined on input line 243.


LaTeX Warning: Reference `lemma::arcsin::bound' on page 44 undefined on input line 243.


LaTeX Warning: Reference `claim::arcsin::1' on page 44 undefined on input line 251.


LaTeX Warning: Reference `claim::arcsin::2' on page 44 undefined on input line 251.


LaTeX Warning: Reference `claim::arcsin::3' on page 44 undefined on input line 251.

) (./sections/3/root/nth-root.tex

LaTeX Warning: Reference `def::elementary_functions' on page 44 undefined on input line 4.

(./sections/3/root/01-odd-root.tex [44]

LaTeX Warning: Reference `claim::odd-nth-root::1' on page 45 undefined on input line 62.


LaTeX Warning: Reference `claim::odd-nth-root::2' on page 45 undefined on input line 62.


LaTeX Warning: Reference `claim::odd-nth-root::3' on page 45 undefined on input line 62.

) (./sections/3/root/02-even-root.tex

LaTeX Warning: Reference `eq::root-modification' on page 45 undefined on input line 3.

[45] [46]
Overfull \hbox (33.97342pt too wide) in paragraph at lines 139--141
[]$\OML/cmm/m/it/12 y \OMS/cmsy/m/n/12 2 [][]\OT1/cmr/m/n/12 (\OML/cmm/m/it/12 x; m\OT1/cmr/m/n/12 )$ \T1/cmr/m/n/12 and $\OT1/cmr/m/n/12 (0 \OML/cmm/m/it/12 < F\OT1/cmr/m/n/12 (\OML/cmm/m/it/12 x\OT1/cmr/m/n/12 ))[] = \OMS/cmsy/m/n/12 f[]g$\T1/cmr/m/n/12 : Then, by the def-i-ni-tion of $[][]\OT1/cmr/m/n/12 (\OML/cmm/m/it/12 x; m\OT1/cmr/m/n/12 )$\T1/cmr/m/n/12 : 
 []


LaTeX Warning: Reference `lemma::nth-root::bound' on page 47 undefined on input line 146.

[47]

LaTeX Warning: Reference `claim::even-nth-root::1' on page 48 undefined on input line 154.


LaTeX Warning: Reference `claim::even-nth-root::2' on page 48 undefined on input line 154.


LaTeX Warning: Reference `claim::even-nth-root::3' on page 48 undefined on input line 154.

)) (./sections/3/02-conclusion.tex

LaTeX Warning: Reference `theorem::const' on page 48 undefined on input line 9.


LaTeX Warning: Reference `theorem::id' on page 48 undefined on input line 9.


LaTeX Warning: Reference `theorem::addition' on page 48 undefined on input line 13.


LaTeX Warning: Reference `theorem::multiplication' on page 48 undefined on input line 14.


LaTeX Warning: Reference `theorem::division' on page 48 undefined on input line 16.


LaTeX Warning: Reference `theorem::log' on page 48 undefined on input line 17.


LaTeX Warning: Reference `theorem::exp' on page 48 undefined on input line 19.


LaTeX Warning: Reference `theorem::sin' on page 48 undefined on input line 21.


LaTeX Warning: Reference `theorem::arcsine' on page 48 undefined on input line 23.


LaTeX Warning: Reference `theorem::odd-nth-root' on page 48 undefined on input line 25.


LaTeX Warning: Reference `theorem::even-nth-root' on page 48 undefined on input line 25.

)) [48] (./sections/04-open-exhaustion-for-elem-functions.tex
Chapter 4.
(./sections/4/intro.tex) (./sections/4/preliminaries/preliminary.tex

LaTeX Warning: Reference `sec::simple-effective-open-exhaustion' on page 49 undefined on input line 3.


LaTeX Warning: Reference `sec::gen-OEX' on page 49 undefined on input line 4.


LaTeX Warning: Reference `sec5::subsection::composition' on page 49 undefined on input line 4.


LaTeX Warning: Reference `sec5::subsection::addition-multiplication' on page 49 undefined on input line 4.

(./sections/4/preliminaries/simple-open-exhaustion.tex

Package hyperref Warning: Token not allowed in a PDF string (Unicode):
(hyperref)                removing `math shift' on input line 1.


Package hyperref Warning: Token not allowed in a PDF string (Unicode):
(hyperref)                removing `math shift' on input line 1.


LaTeX Warning: Reference `def::effecive-open-exhaustion' on page 49 undefined on input line 3.


LaTeX Warning: Reference `sec::open_exhaustion_for_domain_of_elem_functions' on page 49 undefined on input line 4.

[49

] [50]) (./sections/4/preliminaries/open-exhaustion-lemmas-for-R.tex

LaTeX Warning: Reference `lemma::simple-OEX-gives-OEX' on page 51 undefined on input line 18.

[51] [52]

LaTeX Warning: Reference `thm::OEX_by_WCC_approximability' on page 53 undefined on input line 91.


LaTeX Warning: Reference `def::effectively_open_functions' on page 53 undefined on input line 91.


LaTeX Warning: Reference `sec4::subsection::basics' on page 53 undefined on input line 91.


LaTeX Warning: Reference `thm::OEX_by_WCC_approximability' on page 53 undefined on input line 91.


LaTeX Warning: Reference `thm::OEX_by_WCC_approximability' on page 53 undefined on input line 91.

) (./sections/4/preliminaries/generalized-open-exhaustion.tex

LaTeX Warning: Reference `def::realizability-on-sequences' on page 53 undefined on input line 27.


LaTeX Warning: Reference `def::realizability-on-nats' on page 53 undefined on input line 27.


LaTeX Warning: Reference `def::computability-on-assemblies' on page 53 undefined on input line 27.

[53]
Overfull \hbox (2.39143pt too wide) in paragraph at lines 43--44
[][]\T1/cmr/b/it/12 Definition 4.1.16 (Gen-er-al-ized ef-fec-tive open ex-haus-tion). []\T1/cmr/m/n/12 An open ex-haus-tion $\OT1/cmr/m/n/12 (\OML/cmm/m/it/12 U[]; U[]; []\OT1/cmr/m/n/12 )$
 []


LaTeX Warning: Reference `def::generalized-effecive-open-exhaustion' on page 54 undefined on input line 58.


LaTeX Warning: Reference `def::simple-effecive-open-exhaustion' on page 54 undefined on input line 61.


Overfull \hbox (16.51552pt too wide) in paragraph at lines 77--78
[]\T1/cmr/m/n/12 Let us as-sume the ef-fec-tive the open ex-haus-tion for $\OML/cmm/m/it/12 U[]; U[]; []$ \T1/cmr/m/n/12 is given by $\OT1/cmr/m/n/12 (\OML/cmm/m/it/12 O[]\OT1/cmr/m/n/12 )\OML/cmm/m/it/12 ; \OT1/cmr/m/n/12 (\OML/cmm/m/it/12 O[]\OT1/cmr/m/n/12 )\OML/cmm/m/it/12 ; []$
 []


Underfull \hbox (badness 10000) in paragraph at lines 77--78

 []

[54]

LaTeX Warning: Reference `Figure::filler_square_two' on page 55 undefined on input line 116.


LaTeX Warning: Reference `Figure::filler_square_four' on page 55 undefined on input line 117.


LaTeX Warning: Reference `Figure::filler_square_four' on page 55 undefined on input line 117.

(./images/4/fillerPlot.tex (./images/4/filler1.tex
./images/4/filler1.tex:34: I can't write on file `tikz/main-figure0.md5'.
<to be read again> 
                   \relax 
l.34 \end{tikzpicture}
                      
(Press Enter to retry, or Control-D to exit; default file extension is `.tex')
Please type another output file name
./images/4/filler1.tex:34: Emergency stop.
<to be read again> 
                   \relax 
l.34 \end{tikzpicture}
                      
*** (job aborted, file error in nonstop mode)

 
Here is how much of TeX's memory you used:
 44797 strings out of 474222
 1001086 string characters out of 5748732
 1949975 words of memory out of 5000000
 65801 multiletter control sequences out of 15000+600000
 593097 words of font info for 125 fonts, out of 8000000 for 9000
 1141 hyphenation exceptions out of 8191
 99i,32n,117p,1174b,791s stack positions out of 10000i,1000n,20000p,200000b,200000s
./images/4/filler1.tex:34:  ==> Fatal error occurred, no output PDF file produced!
